17:45:00 INFO  : Launching XSCT server: xsct.bat -n  -interactive D:\0FPGA_SOFTWARE\BRAM\temp_xsdb_launch_script.tcl
17:45:00 INFO  : Registering command handlers for Vitis TCF services
17:45:02 INFO  : XSCT server has started successfully.
17:45:02 INFO  : Platform repository initialization has completed.
17:45:02 INFO  : plnx-install-location is set to ''
17:45:02 INFO  : Successfully done setting XSCT server connection channel  
17:45:02 INFO  : Successfully done query RDI_DATADIR 
17:45:02 INFO  : Successfully done setting workspace for the tool. 
17:46:32 INFO  : Result from executing command 'getProjects': bram_control
17:46:32 INFO  : Result from executing command 'getPlatforms': 
17:52:25 INFO  : Result from executing command 'getProjects': bram_control
17:52:25 INFO  : Result from executing command 'getPlatforms': bram_control|D:/0FPGA_SOFTWARE/BRAM/bram_control/export/bram_control/bram_control.xpfm
17:52:32 INFO  : Checking for BSP changes to sync application flags for project 'hellol_world'...
17:53:55 INFO  : Connected to target on host '127.0.0.1' and port '3121'.
17:53:55 INFO  : Jtag cable 'Digilent JTAG-SMT1 210203A7E8EDA' is selected.
17:53:55 INFO  : 'jtag frequency' command is executed.
17:53:55 INFO  : 'targets -set -filter {jtag_cable_name =~ "Digilent JTAG-SMT1 210203A7E8EDA" && level==0 && jtag_device_ctx=="jsn-JTAG-SMT1-210203A7E8EDA-33687093-0"}' command is executed.
17:54:07 INFO  : Device configured successfully with "D:/0FPGA_SOFTWARE/BRAM/hellol_world/_ide/bitstream/BRAM_XSA.bit"
17:54:07 INFO  : Context for processor 'microblaze_0' is selected.
17:54:07 INFO  : Hardware design and registers information is loaded from 'D:/0FPGA_SOFTWARE/BRAM/bram_control/export/bram_control/hw/BRAM_XSA.xsa'.
17:54:07 INFO  : 'configparams mdm-detect-bscan-mask 2' command is executed.
17:54:07 INFO  : Context for processor 'microblaze_0' is selected.
17:54:07 INFO  : System reset is completed.
17:54:10 INFO  : 'after 3000' command is executed.
17:54:10 INFO  : Context for processor 'microblaze_0' is selected.
17:54:10 INFO  : The application 'D:/0FPGA_SOFTWARE/BRAM/hellol_world/Debug/hellol_world.elf' is downloaded to processor 'microblaze_0'.
17:54:10 INFO  : ----------------XSDB Script----------------
connect -url tcp:127.0.0.1:3121
targets -set -filter {jtag_cable_name =~ "Digilent JTAG-SMT1 210203A7E8EDA" && level==0 && jtag_device_ctx=="jsn-JTAG-SMT1-210203A7E8EDA-33687093-0"}
fpga -file D:/0FPGA_SOFTWARE/BRAM/hellol_world/_ide/bitstream/BRAM_XSA.bit
targets -set -nocase -filter {name =~ "*microblaze*#0" && bscan=="USER2" }
loadhw -hw D:/0FPGA_SOFTWARE/BRAM/bram_control/export/bram_control/hw/BRAM_XSA.xsa -regs
configparams mdm-detect-bscan-mask 2
targets -set -nocase -filter {name =~ "*microblaze*#0" && bscan=="USER2" }
rst -system
after 3000
targets -set -nocase -filter {name =~ "*microblaze*#0" && bscan=="USER2" }
dow D:/0FPGA_SOFTWARE/BRAM/hellol_world/Debug/hellol_world.elf
----------------End of Script----------------

17:54:10 INFO  : Context for processor 'microblaze_0' is selected.
17:54:10 INFO  : 'con' command is executed.
17:54:10 INFO  : ----------------XSDB Script (After Launch)----------------
targets -set -nocase -filter {name =~ "*microblaze*#0" && bscan=="USER2" }
con
----------------End of Script----------------

17:54:10 INFO  : Launch script is exported to file 'D:\0FPGA_SOFTWARE\BRAM\hellol_world_system\_ide\scripts\systemdebugger_hellol_world_system_standalone.tcl'
18:28:14 INFO  : Checking for BSP changes to sync application flags for project 'bram_control_C'...
18:29:01 INFO  : Checking for BSP changes to sync application flags for project 'bram_control_C'...
18:31:52 INFO  : Checking for BSP changes to sync application flags for project 'bram_control_C'...
18:33:31 INFO  : Checking for BSP changes to sync application flags for project 'bram_control_C'...
18:33:42 INFO  : Checking for BSP changes to sync application flags for project 'bram_control_C'...
18:34:00 INFO  : Checking for BSP changes to sync application flags for project 'bram_control_C'...
18:35:30 INFO  : Checking for BSP changes to sync application flags for project 'bram_control_C'...
18:35:43 INFO  : Checking for BSP changes to sync application flags for project 'bram_control_C'...
19:05:23 INFO  : Checking for BSP changes to sync application flags for project 'bram_control_C'...
19:14:47 INFO  : Checking for BSP changes to sync application flags for project 'bram_control_C'...
19:17:49 INFO  : Checking for BSP changes to sync application flags for project 'bram_control_C'...
19:18:03 INFO  : Checking for BSP changes to sync application flags for project 'bram_control_C'...
19:18:24 INFO  : Checking for BSP changes to sync application flags for project 'bram_control_C'...
19:19:16 INFO  : Checking for BSP changes to sync application flags for project 'bram_control_C'...
19:19:34 INFO  : Disconnected from the channel tcfchan#2.
19:19:35 INFO  : Connected to target on host '127.0.0.1' and port '3121'.
19:19:53 INFO  : ----------------XSDB Script----------------
connect -url tcp:127.0.0.1:3121
----------------End of Script----------------

19:19:53 ERROR : Could not find FPGA device on the board for connection 'Local'.


Troubleshooting hints:
1. Check whether board is connected to system properly.
2. In case of zynq board, check whether Digilent/Xilinx cable switch settings are correct.
3. If you are using Xilinx Platform Cable USB, ensure that status LED is green.
19:20:34 INFO  : Connected to target on host '127.0.0.1' and port '3121'.
19:20:34 INFO  : Jtag cable 'Digilent JTAG-SMT1 210203A7E8EDA' is selected.
19:20:34 INFO  : 'jtag frequency' command is executed.
19:20:35 INFO  : 'targets -set -filter {jtag_cable_name =~ "Digilent JTAG-SMT1 210203A7E8EDA" && level==0 && jtag_device_ctx=="jsn-JTAG-SMT1-210203A7E8EDA-33687093-0"}' command is executed.
19:20:47 INFO  : Device configured successfully with "D:/0FPGA_SOFTWARE/BRAM/bram_control_C/_ide/bitstream/BRAM_XSA.bit"
19:20:47 INFO  : Context for processor 'microblaze_0' is selected.
19:20:47 INFO  : Hardware design and registers information is loaded from 'D:/0FPGA_SOFTWARE/BRAM/bram_control/export/bram_control/hw/BRAM_XSA.xsa'.
19:20:47 INFO  : 'configparams mdm-detect-bscan-mask 2' command is executed.
19:20:47 INFO  : Context for processor 'microblaze_0' is selected.
19:20:47 INFO  : System reset is completed.
19:20:50 INFO  : 'after 3000' command is executed.
19:20:50 INFO  : Context for processor 'microblaze_0' is selected.
19:20:50 INFO  : The application 'D:/0FPGA_SOFTWARE/BRAM/bram_control_C/Debug/bram_control_C.elf' is downloaded to processor 'microblaze_0'.
19:20:50 INFO  : ----------------XSDB Script----------------
connect -url tcp:127.0.0.1:3121
targets -set -filter {jtag_cable_name =~ "Digilent JTAG-SMT1 210203A7E8EDA" && level==0 && jtag_device_ctx=="jsn-JTAG-SMT1-210203A7E8EDA-33687093-0"}
fpga -file D:/0FPGA_SOFTWARE/BRAM/bram_control_C/_ide/bitstream/BRAM_XSA.bit
targets -set -nocase -filter {name =~ "*microblaze*#0" && bscan=="USER2" }
loadhw -hw D:/0FPGA_SOFTWARE/BRAM/bram_control/export/bram_control/hw/BRAM_XSA.xsa -regs
configparams mdm-detect-bscan-mask 2
targets -set -nocase -filter {name =~ "*microblaze*#0" && bscan=="USER2" }
rst -system
after 3000
targets -set -nocase -filter {name =~ "*microblaze*#0" && bscan=="USER2" }
dow D:/0FPGA_SOFTWARE/BRAM/bram_control_C/Debug/bram_control_C.elf
----------------End of Script----------------

19:20:50 INFO  : Context for processor 'microblaze_0' is selected.
19:20:50 INFO  : 'con' command is executed.
19:20:50 INFO  : ----------------XSDB Script (After Launch)----------------
targets -set -nocase -filter {name =~ "*microblaze*#0" && bscan=="USER2" }
con
----------------End of Script----------------

19:20:50 INFO  : Launch script is exported to file 'D:\0FPGA_SOFTWARE\BRAM\bram_control_C_system\_ide\scripts\debugger_bram_control_c-default.tcl'
19:26:32 INFO  : Disconnected from the channel tcfchan#3.
19:26:33 INFO  : Connected to target on host '127.0.0.1' and port '3121'.
19:26:33 INFO  : Jtag cable 'Digilent JTAG-SMT1 210203A7E8EDA' is selected.
19:26:33 INFO  : 'jtag frequency' command is executed.
19:26:33 INFO  : 'targets -set -filter {jtag_cable_name =~ "Digilent JTAG-SMT1 210203A7E8EDA" && level==0 && jtag_device_ctx=="jsn-JTAG-SMT1-210203A7E8EDA-33687093-0"}' command is executed.
19:26:44 INFO  : Device configured successfully with "D:/0FPGA_SOFTWARE/BRAM/bram_control_C/_ide/bitstream/BRAM_XSA.bit"
19:26:44 INFO  : Context for processor 'microblaze_0' is selected.
19:26:44 INFO  : Hardware design and registers information is loaded from 'D:/0FPGA_SOFTWARE/BRAM/bram_control/export/bram_control/hw/BRAM_XSA.xsa'.
19:26:44 INFO  : 'configparams mdm-detect-bscan-mask 2' command is executed.
19:26:44 INFO  : Context for processor 'microblaze_0' is selected.
19:26:44 INFO  : System reset is completed.
19:26:47 INFO  : 'after 3000' command is executed.
19:26:47 INFO  : Context for processor 'microblaze_0' is selected.
19:26:47 INFO  : The application 'D:/0FPGA_SOFTWARE/BRAM/bram_control_C/Debug/bram_control_C.elf' is downloaded to processor 'microblaze_0'.
19:26:47 INFO  : ----------------XSDB Script----------------
connect -url tcp:127.0.0.1:3121
targets -set -filter {jtag_cable_name =~ "Digilent JTAG-SMT1 210203A7E8EDA" && level==0 && jtag_device_ctx=="jsn-JTAG-SMT1-210203A7E8EDA-33687093-0"}
fpga -file D:/0FPGA_SOFTWARE/BRAM/bram_control_C/_ide/bitstream/BRAM_XSA.bit
targets -set -nocase -filter {name =~ "*microblaze*#0" && bscan=="USER2" }
loadhw -hw D:/0FPGA_SOFTWARE/BRAM/bram_control/export/bram_control/hw/BRAM_XSA.xsa -regs
configparams mdm-detect-bscan-mask 2
targets -set -nocase -filter {name =~ "*microblaze*#0" && bscan=="USER2" }
rst -system
after 3000
targets -set -nocase -filter {name =~ "*microblaze*#0" && bscan=="USER2" }
dow D:/0FPGA_SOFTWARE/BRAM/bram_control_C/Debug/bram_control_C.elf
----------------End of Script----------------

19:26:48 INFO  : Context for processor 'microblaze_0' is selected.
19:26:48 INFO  : 'con' command is executed.
19:26:48 INFO  : ----------------XSDB Script (After Launch)----------------
targets -set -nocase -filter {name =~ "*microblaze*#0" && bscan=="USER2" }
con
----------------End of Script----------------

19:26:48 INFO  : Launch script is exported to file 'D:\0FPGA_SOFTWARE\BRAM\bram_control_C_system\_ide\scripts\debugger_bram_control_c-default.tcl'
19:39:56 INFO  : Disconnected from the channel tcfchan#4.
19:39:57 INFO  : Connected to target on host '127.0.0.1' and port '3121'.
19:39:57 INFO  : Jtag cable 'Digilent JTAG-SMT1 210203A7E8EDA' is selected.
19:39:57 INFO  : 'jtag frequency' command is executed.
19:39:57 INFO  : 'targets -set -filter {jtag_cable_name =~ "Digilent JTAG-SMT1 210203A7E8EDA" && level==0 && jtag_device_ctx=="jsn-JTAG-SMT1-210203A7E8EDA-33687093-0"}' command is executed.
19:40:08 INFO  : Device configured successfully with "D:/0FPGA_SOFTWARE/BRAM/bram_control_C/_ide/bitstream/BRAM_XSA.bit"
19:40:08 INFO  : Context for processor 'microblaze_0' is selected.
19:40:08 INFO  : Hardware design and registers information is loaded from 'D:/0FPGA_SOFTWARE/BRAM/bram_control/export/bram_control/hw/BRAM_XSA.xsa'.
19:40:08 INFO  : 'configparams mdm-detect-bscan-mask 2' command is executed.
19:40:08 INFO  : Context for processor 'microblaze_0' is selected.
19:40:08 INFO  : System reset is completed.
19:40:11 INFO  : 'after 3000' command is executed.
19:40:11 INFO  : Context for processor 'microblaze_0' is selected.
19:40:11 INFO  : The application 'D:/0FPGA_SOFTWARE/BRAM/bram_control_C/Debug/bram_control_C.elf' is downloaded to processor 'microblaze_0'.
19:40:11 INFO  : ----------------XSDB Script----------------
connect -url tcp:127.0.0.1:3121
targets -set -filter {jtag_cable_name =~ "Digilent JTAG-SMT1 210203A7E8EDA" && level==0 && jtag_device_ctx=="jsn-JTAG-SMT1-210203A7E8EDA-33687093-0"}
fpga -file D:/0FPGA_SOFTWARE/BRAM/bram_control_C/_ide/bitstream/BRAM_XSA.bit
targets -set -nocase -filter {name =~ "*microblaze*#0" && bscan=="USER2" }
loadhw -hw D:/0FPGA_SOFTWARE/BRAM/bram_control/export/bram_control/hw/BRAM_XSA.xsa -regs
configparams mdm-detect-bscan-mask 2
targets -set -nocase -filter {name =~ "*microblaze*#0" && bscan=="USER2" }
rst -system
after 3000
targets -set -nocase -filter {name =~ "*microblaze*#0" && bscan=="USER2" }
dow D:/0FPGA_SOFTWARE/BRAM/bram_control_C/Debug/bram_control_C.elf
----------------End of Script----------------

19:40:12 INFO  : Context for processor 'microblaze_0' is selected.
19:40:12 INFO  : 'con' command is executed.
19:40:12 INFO  : ----------------XSDB Script (After Launch)----------------
targets -set -nocase -filter {name =~ "*microblaze*#0" && bscan=="USER2" }
con
----------------End of Script----------------

19:40:12 INFO  : Launch script is exported to file 'D:\0FPGA_SOFTWARE\BRAM\bram_control_C_system\_ide\scripts\debugger_bram_control_c-default.tcl'
19:40:45 INFO  : Disconnected from the channel tcfchan#5.
19:40:46 INFO  : Connected to target on host '127.0.0.1' and port '3121'.
19:40:46 INFO  : Jtag cable 'Digilent JTAG-SMT1 210203A7E8EDA' is selected.
19:40:46 INFO  : 'jtag frequency' command is executed.
19:40:46 INFO  : 'targets -set -filter {jtag_cable_name =~ "Digilent JTAG-SMT1 210203A7E8EDA" && level==0 && jtag_device_ctx=="jsn-JTAG-SMT1-210203A7E8EDA-33687093-0"}' command is executed.
19:40:58 INFO  : Device configured successfully with "D:/0FPGA_SOFTWARE/BRAM/bram_control_C/_ide/bitstream/BRAM_XSA.bit"
19:40:58 INFO  : Context for processor 'microblaze_0' is selected.
19:40:58 INFO  : Hardware design and registers information is loaded from 'D:/0FPGA_SOFTWARE/BRAM/bram_control/export/bram_control/hw/BRAM_XSA.xsa'.
19:40:58 INFO  : 'configparams mdm-detect-bscan-mask 2' command is executed.
19:40:58 INFO  : Context for processor 'microblaze_0' is selected.
19:40:58 INFO  : System reset is completed.
19:41:01 INFO  : 'after 3000' command is executed.
19:41:01 INFO  : Context for processor 'microblaze_0' is selected.
19:41:01 INFO  : The application 'D:/0FPGA_SOFTWARE/BRAM/bram_control_C/Debug/bram_control_C.elf' is downloaded to processor 'microblaze_0'.
19:41:01 INFO  : ----------------XSDB Script----------------
connect -url tcp:127.0.0.1:3121
targets -set -filter {jtag_cable_name =~ "Digilent JTAG-SMT1 210203A7E8EDA" && level==0 && jtag_device_ctx=="jsn-JTAG-SMT1-210203A7E8EDA-33687093-0"}
fpga -file D:/0FPGA_SOFTWARE/BRAM/bram_control_C/_ide/bitstream/BRAM_XSA.bit
targets -set -nocase -filter {name =~ "*microblaze*#0" && bscan=="USER2" }
loadhw -hw D:/0FPGA_SOFTWARE/BRAM/bram_control/export/bram_control/hw/BRAM_XSA.xsa -regs
configparams mdm-detect-bscan-mask 2
targets -set -nocase -filter {name =~ "*microblaze*#0" && bscan=="USER2" }
rst -system
after 3000
targets -set -nocase -filter {name =~ "*microblaze*#0" && bscan=="USER2" }
dow D:/0FPGA_SOFTWARE/BRAM/bram_control_C/Debug/bram_control_C.elf
----------------End of Script----------------

19:41:01 INFO  : Context for processor 'microblaze_0' is selected.
19:41:01 INFO  : 'con' command is executed.
19:41:01 INFO  : ----------------XSDB Script (After Launch)----------------
targets -set -nocase -filter {name =~ "*microblaze*#0" && bscan=="USER2" }
con
----------------End of Script----------------

19:41:01 INFO  : Launch script is exported to file 'D:\0FPGA_SOFTWARE\BRAM\bram_control_C_system\_ide\scripts\debugger_bram_control_c-default.tcl'
19:42:54 INFO  : Disconnected from the channel tcfchan#6.
19:42:55 INFO  : Connected to target on host '127.0.0.1' and port '3121'.
19:42:56 INFO  : Jtag cable 'Digilent JTAG-SMT1 210203A7E8EDA' is selected.
19:42:56 INFO  : 'jtag frequency' command is executed.
19:42:56 INFO  : 'targets -set -filter {jtag_cable_name =~ "Digilent JTAG-SMT1 210203A7E8EDA" && level==0 && jtag_device_ctx=="jsn-JTAG-SMT1-210203A7E8EDA-33687093-0"}' command is executed.
19:43:07 INFO  : Device configured successfully with "D:/0FPGA_SOFTWARE/BRAM/bram_control_C/_ide/bitstream/BRAM_XSA.bit"
19:43:07 INFO  : Context for processor 'microblaze_0' is selected.
19:43:07 INFO  : Hardware design and registers information is loaded from 'D:/0FPGA_SOFTWARE/BRAM/bram_control/export/bram_control/hw/BRAM_XSA.xsa'.
19:43:07 INFO  : 'configparams mdm-detect-bscan-mask 2' command is executed.
19:43:07 INFO  : Context for processor 'microblaze_0' is selected.
19:43:07 INFO  : System reset is completed.
19:43:10 INFO  : 'after 3000' command is executed.
19:43:10 INFO  : Context for processor 'microblaze_0' is selected.
19:43:10 INFO  : The application 'D:/0FPGA_SOFTWARE/BRAM/bram_control_C/Debug/bram_control_C.elf' is downloaded to processor 'microblaze_0'.
19:43:10 INFO  : ----------------XSDB Script----------------
connect -url tcp:127.0.0.1:3121
targets -set -filter {jtag_cable_name =~ "Digilent JTAG-SMT1 210203A7E8EDA" && level==0 && jtag_device_ctx=="jsn-JTAG-SMT1-210203A7E8EDA-33687093-0"}
fpga -file D:/0FPGA_SOFTWARE/BRAM/bram_control_C/_ide/bitstream/BRAM_XSA.bit
targets -set -nocase -filter {name =~ "*microblaze*#0" && bscan=="USER2" }
loadhw -hw D:/0FPGA_SOFTWARE/BRAM/bram_control/export/bram_control/hw/BRAM_XSA.xsa -regs
configparams mdm-detect-bscan-mask 2
targets -set -nocase -filter {name =~ "*microblaze*#0" && bscan=="USER2" }
rst -system
after 3000
targets -set -nocase -filter {name =~ "*microblaze*#0" && bscan=="USER2" }
dow D:/0FPGA_SOFTWARE/BRAM/bram_control_C/Debug/bram_control_C.elf
----------------End of Script----------------

19:43:10 INFO  : Context for processor 'microblaze_0' is selected.
19:43:10 INFO  : 'con' command is executed.
19:43:10 INFO  : ----------------XSDB Script (After Launch)----------------
targets -set -nocase -filter {name =~ "*microblaze*#0" && bscan=="USER2" }
con
----------------End of Script----------------

19:43:10 INFO  : Launch script is exported to file 'D:\0FPGA_SOFTWARE\BRAM\bram_control_C_system\_ide\scripts\debugger_bram_control_c-default.tcl'
19:43:38 INFO  : Checking for BSP changes to sync application flags for project 'bram_control_C'...
19:43:44 INFO  : Disconnected from the channel tcfchan#7.
19:43:45 INFO  : Connected to target on host '127.0.0.1' and port '3121'.
19:43:46 INFO  : Jtag cable 'Digilent JTAG-SMT1 210203A7E8EDA' is selected.
19:43:46 INFO  : 'jtag frequency' command is executed.
19:43:46 INFO  : 'targets -set -filter {jtag_cable_name =~ "Digilent JTAG-SMT1 210203A7E8EDA" && level==0 && jtag_device_ctx=="jsn-JTAG-SMT1-210203A7E8EDA-33687093-0"}' command is executed.
19:43:57 INFO  : Device configured successfully with "D:/0FPGA_SOFTWARE/BRAM/bram_control_C/_ide/bitstream/BRAM_XSA.bit"
19:43:57 INFO  : Context for processor 'microblaze_0' is selected.
19:43:57 INFO  : Hardware design and registers information is loaded from 'D:/0FPGA_SOFTWARE/BRAM/bram_control/export/bram_control/hw/BRAM_XSA.xsa'.
19:43:57 INFO  : 'configparams mdm-detect-bscan-mask 2' command is executed.
19:43:57 INFO  : Context for processor 'microblaze_0' is selected.
19:43:57 INFO  : System reset is completed.
19:44:00 INFO  : 'after 3000' command is executed.
19:44:00 INFO  : Context for processor 'microblaze_0' is selected.
19:44:00 INFO  : The application 'D:/0FPGA_SOFTWARE/BRAM/bram_control_C/Debug/bram_control_C.elf' is downloaded to processor 'microblaze_0'.
19:44:00 INFO  : ----------------XSDB Script----------------
connect -url tcp:127.0.0.1:3121
targets -set -filter {jtag_cable_name =~ "Digilent JTAG-SMT1 210203A7E8EDA" && level==0 && jtag_device_ctx=="jsn-JTAG-SMT1-210203A7E8EDA-33687093-0"}
fpga -file D:/0FPGA_SOFTWARE/BRAM/bram_control_C/_ide/bitstream/BRAM_XSA.bit
targets -set -nocase -filter {name =~ "*microblaze*#0" && bscan=="USER2" }
loadhw -hw D:/0FPGA_SOFTWARE/BRAM/bram_control/export/bram_control/hw/BRAM_XSA.xsa -regs
configparams mdm-detect-bscan-mask 2
targets -set -nocase -filter {name =~ "*microblaze*#0" && bscan=="USER2" }
rst -system
after 3000
targets -set -nocase -filter {name =~ "*microblaze*#0" && bscan=="USER2" }
dow D:/0FPGA_SOFTWARE/BRAM/bram_control_C/Debug/bram_control_C.elf
----------------End of Script----------------

19:44:00 INFO  : Context for processor 'microblaze_0' is selected.
19:44:00 INFO  : 'con' command is executed.
19:44:00 INFO  : ----------------XSDB Script (After Launch)----------------
targets -set -nocase -filter {name =~ "*microblaze*#0" && bscan=="USER2" }
con
----------------End of Script----------------

19:44:00 INFO  : Launch script is exported to file 'D:\0FPGA_SOFTWARE\BRAM\bram_control_C_system\_ide\scripts\debugger_bram_control_c-default.tcl'
19:44:29 INFO  : Checking for BSP changes to sync application flags for project 'bram_control_C'...
19:44:33 INFO  : Disconnected from the channel tcfchan#8.
19:44:34 INFO  : Connected to target on host '127.0.0.1' and port '3121'.
19:44:34 INFO  : Jtag cable 'Digilent JTAG-SMT1 210203A7E8EDA' is selected.
19:44:34 INFO  : 'jtag frequency' command is executed.
19:44:34 INFO  : 'targets -set -filter {jtag_cable_name =~ "Digilent JTAG-SMT1 210203A7E8EDA" && level==0 && jtag_device_ctx=="jsn-JTAG-SMT1-210203A7E8EDA-33687093-0"}' command is executed.
19:44:46 INFO  : Device configured successfully with "D:/0FPGA_SOFTWARE/BRAM/bram_control_C/_ide/bitstream/BRAM_XSA.bit"
19:44:46 INFO  : Context for processor 'microblaze_0' is selected.
19:44:46 INFO  : Hardware design and registers information is loaded from 'D:/0FPGA_SOFTWARE/BRAM/bram_control/export/bram_control/hw/BRAM_XSA.xsa'.
19:44:46 INFO  : 'configparams mdm-detect-bscan-mask 2' command is executed.
19:44:46 INFO  : Context for processor 'microblaze_0' is selected.
19:44:46 INFO  : System reset is completed.
19:44:49 INFO  : 'after 3000' command is executed.
19:44:49 INFO  : Context for processor 'microblaze_0' is selected.
19:44:49 INFO  : The application 'D:/0FPGA_SOFTWARE/BRAM/bram_control_C/Debug/bram_control_C.elf' is downloaded to processor 'microblaze_0'.
19:44:49 INFO  : ----------------XSDB Script----------------
connect -url tcp:127.0.0.1:3121
targets -set -filter {jtag_cable_name =~ "Digilent JTAG-SMT1 210203A7E8EDA" && level==0 && jtag_device_ctx=="jsn-JTAG-SMT1-210203A7E8EDA-33687093-0"}
fpga -file D:/0FPGA_SOFTWARE/BRAM/bram_control_C/_ide/bitstream/BRAM_XSA.bit
targets -set -nocase -filter {name =~ "*microblaze*#0" && bscan=="USER2" }
loadhw -hw D:/0FPGA_SOFTWARE/BRAM/bram_control/export/bram_control/hw/BRAM_XSA.xsa -regs
configparams mdm-detect-bscan-mask 2
targets -set -nocase -filter {name =~ "*microblaze*#0" && bscan=="USER2" }
rst -system
after 3000
targets -set -nocase -filter {name =~ "*microblaze*#0" && bscan=="USER2" }
dow D:/0FPGA_SOFTWARE/BRAM/bram_control_C/Debug/bram_control_C.elf
----------------End of Script----------------

19:44:49 INFO  : Context for processor 'microblaze_0' is selected.
19:44:49 INFO  : 'con' command is executed.
19:44:49 INFO  : ----------------XSDB Script (After Launch)----------------
targets -set -nocase -filter {name =~ "*microblaze*#0" && bscan=="USER2" }
con
----------------End of Script----------------

19:44:49 INFO  : Launch script is exported to file 'D:\0FPGA_SOFTWARE\BRAM\bram_control_C_system\_ide\scripts\debugger_bram_control_c-default.tcl'
19:45:38 INFO  : Disconnected from the channel tcfchan#9.
