TRACE::2021-04-28.17:46:28::SCWPlatform::Trying to open the hw design at D:/0FPGA_SOFTWARE/BRAM/bram_control/hw/BRAM_XSA.xsa
TRACE::2021-04-28.17:46:28::SCWPlatform::DSA given D:/0FPGA_SOFTWARE/BRAM/bram_control/hw/BRAM_XSA.xsa
TRACE::2021-04-28.17:46:28::SCWPlatform::DSA absoulate path D:/0FPGA_SOFTWARE/BRAM/bram_control/hw/BRAM_XSA.xsa
TRACE::2021-04-28.17:46:30::SCWPlatform::DSA directory D:/0FPGA_SOFTWARE/BRAM/bram_control/hw
TRACE::2021-04-28.17:46:30::SCWPlatform:: Platform Path D:/0FPGA_SOFTWARE/BRAM/bram_control/hw/BRAM_XSA.xsa
TRACE::2021-04-28.17:46:30::SCWPlatform:: Unique name xilinx:vc707::0.0
TRACE::2021-04-28.17:46:30::SCWPlatform::Do not have an existing db opened. 
TRACE::2021-04-28.17:46:31::SCWPlatform::Opened new HwDB with name design_1_wrapper_0
TRACE::2021-04-28.17:46:31::SCWWriter::formatted JSON is {
	"platformName":	"bram_control",
	"sprVersion":	"2.0",
	"mode":	"gui",
	"dsaType":	"Fixed",
	"platformDesc":	"bram_control",
	"platHandOff":	"C:/Users/user/Desktop/FPGA_UART/BRAM_XSA.xsa",
	"platIntHandOff":	"<platformDir>/hw/BRAM_XSA.xsa",
	"deviceType":	"FPGA",
	"platIsPrebuiltAutogen":	"false",
	"platIsNoBootBsp":	"false",
	"hasFsblMakeHasChanges":	"false",
	"hasPmufwMakeHasChanges":	"false",
	"platPreBuiltFlag":	false,
	"platformSamplesDir":	""
}
TRACE::2021-04-28.17:46:31::SCWWriter::formatted JSON is {
	"platformName":	"bram_control",
	"sprVersion":	"2.0",
	"mode":	"gui",
	"dsaType":	"Fixed",
	"platformDesc":	"bram_control",
	"platHandOff":	"C:/Users/user/Desktop/FPGA_UART/BRAM_XSA.xsa",
	"platIntHandOff":	"<platformDir>/hw/BRAM_XSA.xsa",
	"deviceType":	"FPGA",
	"platIsPrebuiltAutogen":	"false",
	"platIsNoBootBsp":	"false",
	"hasFsblMakeHasChanges":	"false",
	"hasPmufwMakeHasChanges":	"false",
	"platPreBuiltFlag":	false,
	"platformSamplesDir":	"",
	"platActiveSys":	"bram_control",
	"systems":	[{
			"systemName":	"bram_control",
			"systemDesc":	"bram_control",
			"sysIsBootAutoGen":	"true",
			"systemDispName":	"bram_control"
		}]
}
TRACE::2021-04-28.17:46:31::SCWPlatform::Boot application domains not present, creating them
TRACE::2021-04-28.17:46:31::SCWPlatform::Pure FPGA device, no boot application will be created.
TRACE::2021-04-28.17:46:31::SCWWriter::formatted JSON is {
	"platformName":	"bram_control",
	"sprVersion":	"2.0",
	"mode":	"gui",
	"dsaType":	"Fixed",
	"platformDesc":	"bram_control",
	"platHandOff":	"C:/Users/user/Desktop/FPGA_UART/BRAM_XSA.xsa",
	"platIntHandOff":	"<platformDir>/hw/BRAM_XSA.xsa",
	"deviceType":	"FPGA",
	"platIsPrebuiltAutogen":	"false",
	"platIsNoBootBsp":	"false",
	"hasFsblMakeHasChanges":	"false",
	"hasPmufwMakeHasChanges":	"false",
	"platPreBuiltFlag":	false,
	"platformSamplesDir":	"",
	"platActiveSys":	"bram_control",
	"systems":	[{
			"systemName":	"bram_control",
			"systemDesc":	"bram_control",
			"sysIsBootAutoGen":	"true",
			"systemDispName":	"bram_control"
		}]
}
TRACE::2021-04-28.17:46:31::SCWPlatform::Trying to open the hw design at D:/0FPGA_SOFTWARE/BRAM/bram_control/hw/BRAM_XSA.xsa
TRACE::2021-04-28.17:46:31::SCWPlatform::DSA given D:/0FPGA_SOFTWARE/BRAM/bram_control/hw/BRAM_XSA.xsa
TRACE::2021-04-28.17:46:31::SCWPlatform::DSA absoulate path D:/0FPGA_SOFTWARE/BRAM/bram_control/hw/BRAM_XSA.xsa
TRACE::2021-04-28.17:46:31::SCWPlatform::DSA directory D:/0FPGA_SOFTWARE/BRAM/bram_control/hw
TRACE::2021-04-28.17:46:31::SCWPlatform:: Platform Path D:/0FPGA_SOFTWARE/BRAM/bram_control/hw/BRAM_XSA.xsa
TRACE::2021-04-28.17:46:31::SCWPlatform:: Unique name xilinx:vc707::0.0
TRACE::2021-04-28.17:46:31::SCWPlatform::Trying to set the existing hwdb with name design_1_wrapper_0
TRACE::2021-04-28.17:46:31::SCWPlatform::Opened existing hwdb design_1_wrapper_0
TRACE::2021-04-28.17:46:31::SCWPlatform::Found the Hw Db part of the input DSA
TRACE::2021-04-28.17:46:31::SCWDomain::checking for install qemu data   : 
TRACE::2021-04-28.17:46:31::SCWPlatform::Trying to open the hw design at D:/0FPGA_SOFTWARE/BRAM/bram_control/hw/BRAM_XSA.xsa
TRACE::2021-04-28.17:46:31::SCWPlatform::DSA given D:/0FPGA_SOFTWARE/BRAM/bram_control/hw/BRAM_XSA.xsa
TRACE::2021-04-28.17:46:31::SCWPlatform::DSA absoulate path D:/0FPGA_SOFTWARE/BRAM/bram_control/hw/BRAM_XSA.xsa
TRACE::2021-04-28.17:46:31::SCWPlatform::DSA directory D:/0FPGA_SOFTWARE/BRAM/bram_control/hw
TRACE::2021-04-28.17:46:31::SCWPlatform:: Platform Path D:/0FPGA_SOFTWARE/BRAM/bram_control/hw/BRAM_XSA.xsa
TRACE::2021-04-28.17:46:31::SCWPlatform:: Unique name xilinx:vc707::0.0
TRACE::2021-04-28.17:46:31::SCWPlatform::Trying to set the existing hwdb with name design_1_wrapper_0
TRACE::2021-04-28.17:46:31::SCWPlatform::Opened existing hwdb design_1_wrapper_0
TRACE::2021-04-28.17:46:31::SCWPlatform::Found the Hw Db part of the input DSA
TRACE::2021-04-28.17:46:31::SCWPlatform::Trying to open the hw design at D:/0FPGA_SOFTWARE/BRAM/bram_control/hw/BRAM_XSA.xsa
TRACE::2021-04-28.17:46:31::SCWPlatform::DSA given D:/0FPGA_SOFTWARE/BRAM/bram_control/hw/BRAM_XSA.xsa
TRACE::2021-04-28.17:46:31::SCWPlatform::DSA absoulate path D:/0FPGA_SOFTWARE/BRAM/bram_control/hw/BRAM_XSA.xsa
TRACE::2021-04-28.17:46:31::SCWPlatform::DSA directory D:/0FPGA_SOFTWARE/BRAM/bram_control/hw
TRACE::2021-04-28.17:46:31::SCWPlatform:: Platform Path D:/0FPGA_SOFTWARE/BRAM/bram_control/hw/BRAM_XSA.xsa
TRACE::2021-04-28.17:46:31::SCWPlatform:: Unique name xilinx:vc707::0.0
TRACE::2021-04-28.17:46:31::SCWPlatform::Trying to set the existing hwdb with name design_1_wrapper_0
TRACE::2021-04-28.17:46:31::SCWPlatform::Opened existing hwdb design_1_wrapper_0
TRACE::2021-04-28.17:46:31::SCWPlatform::Found the Hw Db part of the input DSA
TRACE::2021-04-28.17:46:31::SCWPlatform::Trying to open the hw design at D:/0FPGA_SOFTWARE/BRAM/bram_control/hw/BRAM_XSA.xsa
TRACE::2021-04-28.17:46:31::SCWPlatform::DSA given D:/0FPGA_SOFTWARE/BRAM/bram_control/hw/BRAM_XSA.xsa
TRACE::2021-04-28.17:46:31::SCWPlatform::DSA absoulate path D:/0FPGA_SOFTWARE/BRAM/bram_control/hw/BRAM_XSA.xsa
TRACE::2021-04-28.17:46:31::SCWPlatform::DSA directory D:/0FPGA_SOFTWARE/BRAM/bram_control/hw
TRACE::2021-04-28.17:46:31::SCWPlatform:: Platform Path D:/0FPGA_SOFTWARE/BRAM/bram_control/hw/BRAM_XSA.xsa
TRACE::2021-04-28.17:46:31::SCWPlatform:: Unique name xilinx:vc707::0.0
TRACE::2021-04-28.17:46:31::SCWPlatform::Trying to set the existing hwdb with name design_1_wrapper_0
TRACE::2021-04-28.17:46:31::SCWPlatform::Opened existing hwdb design_1_wrapper_0
TRACE::2021-04-28.17:46:31::SCWPlatform::Found the Hw Db part of the input DSA
TRACE::2021-04-28.17:46:31::SCWMssOS::Checking the sw design at  D:/0FPGA_SOFTWARE/BRAM/bram_control/microblaze_0/standalone_domain/bsp/system.mss
TRACE::2021-04-28.17:46:31::SCWMssOS::DEBUG:  swdes dump  
TRACE::2021-04-28.17:46:31::SCWMssOS::No sw design opened at  D:/0FPGA_SOFTWARE/BRAM/bram_control/microblaze_0/standalone_domain/bsp/system.mss
TRACE::2021-04-28.17:46:31::SCWMssOS::mss does not exists at D:/0FPGA_SOFTWARE/BRAM/bram_control/microblaze_0/standalone_domain/bsp/system.mss
TRACE::2021-04-28.17:46:31::SCWMssOS::Creating sw design at  D:/0FPGA_SOFTWARE/BRAM/bram_control/microblaze_0/standalone_domain/bsp/system.mss
TRACE::2021-04-28.17:46:31::SCWMssOS::Adding the swdes entry, created swdb D:/0FPGA_SOFTWARE/BRAM/bram_control/microblaze_0/standalone_domain/bsp/system.mss with des name D:/0FPGA_SOFTWARE/BRAM/bram_control/microblaze_0/standalone_domain/bsp/system.mss
TRACE::2021-04-28.17:46:31::SCWMssOS::updating the scw layer changes to swdes at   D:/0FPGA_SOFTWARE/BRAM/bram_control/microblaze_0/standalone_domain/bsp/system.mss
TRACE::2021-04-28.17:46:31::SCWMssOS::Writing mss at D:/0FPGA_SOFTWARE/BRAM/bram_control/microblaze_0/standalone_domain/bsp/system.mss
TRACE::2021-04-28.17:46:31::SCWMssOS::Completed writing the mss file at D:/0FPGA_SOFTWARE/BRAM/bram_control/microblaze_0/standalone_domain/bsp
TRACE::2021-04-28.17:46:31::SCWMssOS::Picking up changes from newly written mss file into SCW Layer. 
TRACE::2021-04-28.17:46:31::SCWMssOS::Updated the changes from newly written mss file into SCW Layer. 
TRACE::2021-04-28.17:46:31::SCWMssOS::Completed writing the mss file at D:/0FPGA_SOFTWARE/BRAM/bram_control/microblaze_0/standalone_domain/bsp
TRACE::2021-04-28.17:46:31::SCWMssOS::Forcing BSP Sources regeneration.
TRACE::2021-04-28.17:46:32::SCWMssOS::Saving the mss changes D:/0FPGA_SOFTWARE/BRAM/bram_control/microblaze_0/standalone_domain/bsp/system.mss
TRACE::2021-04-28.17:46:32::SCWMssOS::Found a swdesign opened with the mssfile.
TRACE::2021-04-28.17:46:32::SCWMssOS::Running validate of swdbs.
KEYINFO::2021-04-28.17:46:32::SCWMssOS::Could not open the swdb for D:/0FPGA_SOFTWARE/BRAM/bram_control/microblaze_0/standalone_domain/bsp/system.mss
KEYINFO::2021-04-28.17:46:32::SCWMssOS::Could not open the sw design at  D:/0FPGA_SOFTWARE/BRAM/bram_control/microblaze_0/standalone_domain/bsp/system.mss
ERROR: [Hsi 55-1558] Software Design D:/0FPGA_SOFTWARE/BRAM/bram_control/microblaze_0/standalone_domain/bsp/system.mss is not found

TRACE::2021-04-28.17:46:32::SCWMssOS::Cleared the swdb table entry
TRACE::2021-04-28.17:46:32::SCWMssOS::Adding the swdes entry, mss present, able to open swdb D:/0FPGA_SOFTWARE/BRAM/bram_control/microblaze_0/standalone_domain/bsp/system.mss with des name system
TRACE::2021-04-28.17:46:32::SCWMssOS::Writing the mss file completed D:/0FPGA_SOFTWARE/BRAM/bram_control/microblaze_0/standalone_domain/bsp/system.mss
TRACE::2021-04-28.17:46:32::SCWMssOS::Commit changes completed.
TRACE::2021-04-28.17:46:32::SCWPlatform::Trying to open the hw design at D:/0FPGA_SOFTWARE/BRAM/bram_control/hw/BRAM_XSA.xsa
TRACE::2021-04-28.17:46:32::SCWPlatform::DSA given D:/0FPGA_SOFTWARE/BRAM/bram_control/hw/BRAM_XSA.xsa
TRACE::2021-04-28.17:46:32::SCWPlatform::DSA absoulate path D:/0FPGA_SOFTWARE/BRAM/bram_control/hw/BRAM_XSA.xsa
TRACE::2021-04-28.17:46:32::SCWPlatform::DSA directory D:/0FPGA_SOFTWARE/BRAM/bram_control/hw
TRACE::2021-04-28.17:46:32::SCWPlatform:: Platform Path D:/0FPGA_SOFTWARE/BRAM/bram_control/hw/BRAM_XSA.xsa
TRACE::2021-04-28.17:46:32::SCWPlatform:: Unique name xilinx:vc707::0.0
TRACE::2021-04-28.17:46:32::SCWPlatform::Trying to set the existing hwdb with name design_1_wrapper_0
TRACE::2021-04-28.17:46:32::SCWPlatform::Opened existing hwdb design_1_wrapper_0
TRACE::2021-04-28.17:46:32::SCWPlatform::Found the Hw Db part of the input DSA
TRACE::2021-04-28.17:46:32::SCWMssOS::Checking the sw design at  D:/0FPGA_SOFTWARE/BRAM/bram_control/microblaze_0/standalone_domain/bsp/system.mss
TRACE::2021-04-28.17:46:32::SCWMssOS::DEBUG:  swdes dump  D:/0FPGA_SOFTWARE/BRAM/bram_control/microblaze_0/standalone_domain/bsp/system.mss|system||

TRACE::2021-04-28.17:46:32::SCWMssOS::Sw design exists and opened at  D:/0FPGA_SOFTWARE/BRAM/bram_control/microblaze_0/standalone_domain/bsp/system.mss
TRACE::2021-04-28.17:46:32::SCWPlatform::Trying to open the hw design at D:/0FPGA_SOFTWARE/BRAM/bram_control/hw/BRAM_XSA.xsa
TRACE::2021-04-28.17:46:32::SCWPlatform::DSA given D:/0FPGA_SOFTWARE/BRAM/bram_control/hw/BRAM_XSA.xsa
TRACE::2021-04-28.17:46:32::SCWPlatform::DSA absoulate path D:/0FPGA_SOFTWARE/BRAM/bram_control/hw/BRAM_XSA.xsa
TRACE::2021-04-28.17:46:32::SCWPlatform::DSA directory D:/0FPGA_SOFTWARE/BRAM/bram_control/hw
TRACE::2021-04-28.17:46:32::SCWPlatform:: Platform Path D:/0FPGA_SOFTWARE/BRAM/bram_control/hw/BRAM_XSA.xsa
TRACE::2021-04-28.17:46:32::SCWPlatform:: Unique name xilinx:vc707::0.0
TRACE::2021-04-28.17:46:32::SCWPlatform::Trying to set the existing hwdb with name design_1_wrapper_0
TRACE::2021-04-28.17:46:32::SCWPlatform::Opened existing hwdb design_1_wrapper_0
TRACE::2021-04-28.17:46:32::SCWPlatform::Found the Hw Db part of the input DSA
TRACE::2021-04-28.17:46:32::SCWMssOS::Checking the sw design at  D:/0FPGA_SOFTWARE/BRAM/bram_control/microblaze_0/standalone_domain/bsp/system.mss
TRACE::2021-04-28.17:46:32::SCWMssOS::DEBUG:  swdes dump  D:/0FPGA_SOFTWARE/BRAM/bram_control/microblaze_0/standalone_domain/bsp/system.mss|system||

TRACE::2021-04-28.17:46:32::SCWMssOS::Sw design exists and opened at  D:/0FPGA_SOFTWARE/BRAM/bram_control/microblaze_0/standalone_domain/bsp/system.mss
TRACE::2021-04-28.17:46:32::SCWPlatform::Trying to open the hw design at D:/0FPGA_SOFTWARE/BRAM/bram_control/hw/BRAM_XSA.xsa
TRACE::2021-04-28.17:46:32::SCWPlatform::DSA given D:/0FPGA_SOFTWARE/BRAM/bram_control/hw/BRAM_XSA.xsa
TRACE::2021-04-28.17:46:32::SCWPlatform::DSA absoulate path D:/0FPGA_SOFTWARE/BRAM/bram_control/hw/BRAM_XSA.xsa
TRACE::2021-04-28.17:46:32::SCWPlatform::DSA directory D:/0FPGA_SOFTWARE/BRAM/bram_control/hw
TRACE::2021-04-28.17:46:32::SCWPlatform:: Platform Path D:/0FPGA_SOFTWARE/BRAM/bram_control/hw/BRAM_XSA.xsa
TRACE::2021-04-28.17:46:32::SCWPlatform:: Unique name xilinx:vc707::0.0
TRACE::2021-04-28.17:46:32::SCWPlatform::Trying to set the existing hwdb with name design_1_wrapper_0
TRACE::2021-04-28.17:46:32::SCWPlatform::Opened existing hwdb design_1_wrapper_0
TRACE::2021-04-28.17:46:32::SCWPlatform::Found the Hw Db part of the input DSA
TRACE::2021-04-28.17:46:32::SCWMssOS::Checking the sw design at  D:/0FPGA_SOFTWARE/BRAM/bram_control/microblaze_0/standalone_domain/bsp/system.mss
TRACE::2021-04-28.17:46:32::SCWMssOS::DEBUG:  swdes dump  D:/0FPGA_SOFTWARE/BRAM/bram_control/microblaze_0/standalone_domain/bsp/system.mss|system||

TRACE::2021-04-28.17:46:32::SCWMssOS::Sw design exists and opened at  D:/0FPGA_SOFTWARE/BRAM/bram_control/microblaze_0/standalone_domain/bsp/system.mss
TRACE::2021-04-28.17:46:32::SCWWriter::formatted JSON is {
	"platformName":	"bram_control",
	"sprVersion":	"2.0",
	"mode":	"gui",
	"dsaType":	"Fixed",
	"platformDesc":	"bram_control",
	"platHandOff":	"C:/Users/user/Desktop/FPGA_UART/BRAM_XSA.xsa",
	"platIntHandOff":	"<platformDir>/hw/BRAM_XSA.xsa",
	"deviceType":	"FPGA",
	"platIsPrebuiltAutogen":	"false",
	"platIsNoBootBsp":	"false",
	"hasFsblMakeHasChanges":	"false",
	"hasPmufwMakeHasChanges":	"false",
	"platPreBuiltFlag":	false,
	"platformSamplesDir":	"",
	"platActiveSys":	"bram_control",
	"systems":	[{
			"systemName":	"bram_control",
			"systemDesc":	"bram_control",
			"sysIsBootAutoGen":	"true",
			"systemDispName":	"bram_control",
			"sysActiveDom":	"standalone_domain",
			"sysDefaultDom":	"standalone_domain",
			"domains":	[{
					"domainName":	"standalone_domain",
					"domainDispName":	"standalone_domain",
					"domainDesc":	"standalone_domain",
					"processors":	"microblaze_0",
					"os":	"standalone",
					"sdxOs":	"standalone",
					"debugEnable":	"False",
					"domRuntimes":	["cpp"],
					"swRepo":	"",
					"mssOsVer":	"7.3",
					"mssFile":	"",
					"md5Digest":	"e1f6f8b5387012b432c0bd3e334bdb6d",
					"compatibleApp":	"",
					"domType":	"mssDomain",
					"arch":	"32-bit",
					"appSettings":	{
						"appCompilerFlags":	"",
						"appLinkerFlags":	""
					},
					"addedLibs":	[],
					"libOptions":	{
						"libsContainingOptions":	[]
					},
					"prebuiltLibs":	{
						"prebuiltIncPath":	[],
						"prebuiltLibPath":	[]
					},
					"isolation":	{
					}
				}]
		}]
}
LOG::2021-04-28.17:46:32::SCWPlatform::Started generating the artifacts platform bram_control
TRACE::2021-04-28.17:46:32::SCWPlatform::Sanity checking of platform is completed
LOG::2021-04-28.17:46:32::SCWPlatform::Started generating the artifacts for system configuration bram_control
LOG::2021-04-28.17:46:32::SCWSystem::Checking the domain standalone_domain
LOG::2021-04-28.17:46:32::SCWSystem::Not a boot domain 
LOG::2021-04-28.17:46:32::SCWSystem::Started Processing the domain standalone_domain
TRACE::2021-04-28.17:46:32::SCWDomain::Generating domain artifcats
TRACE::2021-04-28.17:46:32::SCWMssOS::Generating standalone artifcats
TRACE::2021-04-28.17:46:32::SCWMssOS:: Copying the user libraries. 
TRACE::2021-04-28.17:46:32::SCWPlatform::Trying to open the hw design at D:/0FPGA_SOFTWARE/BRAM/bram_control/hw/BRAM_XSA.xsa
TRACE::2021-04-28.17:46:32::SCWPlatform::DSA given D:/0FPGA_SOFTWARE/BRAM/bram_control/hw/BRAM_XSA.xsa
TRACE::2021-04-28.17:46:32::SCWPlatform::DSA absoulate path D:/0FPGA_SOFTWARE/BRAM/bram_control/hw/BRAM_XSA.xsa
TRACE::2021-04-28.17:46:32::SCWPlatform::DSA directory D:/0FPGA_SOFTWARE/BRAM/bram_control/hw
TRACE::2021-04-28.17:46:32::SCWPlatform:: Platform Path D:/0FPGA_SOFTWARE/BRAM/bram_control/hw/BRAM_XSA.xsa
TRACE::2021-04-28.17:46:32::SCWPlatform:: Unique name xilinx:vc707::0.0
TRACE::2021-04-28.17:46:32::SCWPlatform::Trying to set the existing hwdb with name design_1_wrapper_0
TRACE::2021-04-28.17:46:32::SCWPlatform::Opened existing hwdb design_1_wrapper_0
TRACE::2021-04-28.17:46:32::SCWPlatform::Found the Hw Db part of the input DSA
TRACE::2021-04-28.17:46:32::SCWMssOS::Checking the sw design at  D:/0FPGA_SOFTWARE/BRAM/bram_control/microblaze_0/standalone_domain/bsp/system.mss
TRACE::2021-04-28.17:46:32::SCWMssOS::DEBUG:  swdes dump  D:/0FPGA_SOFTWARE/BRAM/bram_control/microblaze_0/standalone_domain/bsp/system.mss|system||

TRACE::2021-04-28.17:46:32::SCWMssOS::Sw design exists and opened at  D:/0FPGA_SOFTWARE/BRAM/bram_control/microblaze_0/standalone_domain/bsp/system.mss
TRACE::2021-04-28.17:46:32::SCWMssOS::Completed writing the mss file at D:/0FPGA_SOFTWARE/BRAM/bram_control/microblaze_0/standalone_domain/bsp
TRACE::2021-04-28.17:46:32::SCWMssOS::Mss edits present, copying mssfile into export location D:/0FPGA_SOFTWARE/BRAM/bram_control/microblaze_0/standalone_domain/bsp/system.mss
TRACE::2021-04-28.17:46:32::SCWMssOS::bsp generated is upto date with the mss file. Skipping bsp generation.
TRACE::2021-04-28.17:46:32::SCWMssOS::BSP is already built. skipping the bsp build ... 
TRACE::2021-04-28.17:46:32::SCWDomain::Skipping the build for domain :  standalone_domain
TRACE::2021-04-28.17:46:32::SCWMssOS::skipping the bsp build ... 
TRACE::2021-04-28.17:46:32::SCWMssOS::Copying to export directory.
TRACE::2021-04-28.17:46:32::SCWMssOS:: Checking if to create the Supporting Applications
TRACE::2021-04-28.17:46:32::SCWMssOS:: No Linux domain exists, trying to generate FSBL 
LOG::2021-04-28.17:46:32::SCWSystem::Completed Processing the domain standalone_domain
LOG::2021-04-28.17:46:32::SCWSystem::Completed Processing the sysconfig bram_control
LOG::2021-04-28.17:46:32::SCWPlatform::Completed generating the artifacts for system configuration bram_control
TRACE::2021-04-28.17:46:32::SCWPlatform::Started preparing the platform 
TRACE::2021-04-28.17:46:32::SCWSystem::Writing the bif file for system config bram_control
TRACE::2021-04-28.17:46:32::SCWSystem::dir created 
TRACE::2021-04-28.17:46:32::SCWSystem::Writing the bif 
TRACE::2021-04-28.17:46:32::SCWPlatform::Started writing the spfm file 
TRACE::2021-04-28.17:46:32::SCWPlatform::Started writing the xpfm file 
TRACE::2021-04-28.17:46:32::SCWPlatform::Completed generating the platform
TRACE::2021-04-28.17:46:32::SCWMssOS::Saving the mss changes D:/0FPGA_SOFTWARE/BRAM/bram_control/microblaze_0/standalone_domain/bsp/system.mss
TRACE::2021-04-28.17:46:32::SCWMssOS::Found a swdesign opened with the mssfile.
TRACE::2021-04-28.17:46:32::SCWMssOS::Completed writemss as part of save.
TRACE::2021-04-28.17:46:32::SCWMssOS::Commit changes completed.
TRACE::2021-04-28.17:46:32::SCWPlatform::Trying to open the hw design at D:/0FPGA_SOFTWARE/BRAM/bram_control/hw/BRAM_XSA.xsa
TRACE::2021-04-28.17:46:32::SCWPlatform::DSA given D:/0FPGA_SOFTWARE/BRAM/bram_control/hw/BRAM_XSA.xsa
TRACE::2021-04-28.17:46:32::SCWPlatform::DSA absoulate path D:/0FPGA_SOFTWARE/BRAM/bram_control/hw/BRAM_XSA.xsa
TRACE::2021-04-28.17:46:32::SCWPlatform::DSA directory D:/0FPGA_SOFTWARE/BRAM/bram_control/hw
TRACE::2021-04-28.17:46:32::SCWPlatform:: Platform Path D:/0FPGA_SOFTWARE/BRAM/bram_control/hw/BRAM_XSA.xsa
TRACE::2021-04-28.17:46:32::SCWPlatform:: Unique name xilinx:vc707::0.0
TRACE::2021-04-28.17:46:32::SCWPlatform::Trying to set the existing hwdb with name design_1_wrapper_0
TRACE::2021-04-28.17:46:32::SCWPlatform::Opened existing hwdb design_1_wrapper_0
TRACE::2021-04-28.17:46:32::SCWPlatform::Found the Hw Db part of the input DSA
TRACE::2021-04-28.17:46:32::SCWMssOS::Checking the sw design at  D:/0FPGA_SOFTWARE/BRAM/bram_control/microblaze_0/standalone_domain/bsp/system.mss
TRACE::2021-04-28.17:46:32::SCWMssOS::DEBUG:  swdes dump  D:/0FPGA_SOFTWARE/BRAM/bram_control/microblaze_0/standalone_domain/bsp/system.mss|system||

TRACE::2021-04-28.17:46:32::SCWMssOS::Sw design exists and opened at  D:/0FPGA_SOFTWARE/BRAM/bram_control/microblaze_0/standalone_domain/bsp/system.mss
TRACE::2021-04-28.17:46:32::SCWPlatform::Trying to open the hw design at D:/0FPGA_SOFTWARE/BRAM/bram_control/hw/BRAM_XSA.xsa
TRACE::2021-04-28.17:46:32::SCWPlatform::DSA given D:/0FPGA_SOFTWARE/BRAM/bram_control/hw/BRAM_XSA.xsa
TRACE::2021-04-28.17:46:32::SCWPlatform::DSA absoulate path D:/0FPGA_SOFTWARE/BRAM/bram_control/hw/BRAM_XSA.xsa
TRACE::2021-04-28.17:46:32::SCWPlatform::DSA directory D:/0FPGA_SOFTWARE/BRAM/bram_control/hw
TRACE::2021-04-28.17:46:32::SCWPlatform:: Platform Path D:/0FPGA_SOFTWARE/BRAM/bram_control/hw/BRAM_XSA.xsa
TRACE::2021-04-28.17:46:32::SCWPlatform:: Unique name xilinx:vc707::0.0
TRACE::2021-04-28.17:46:32::SCWPlatform::Trying to set the existing hwdb with name design_1_wrapper_0
TRACE::2021-04-28.17:46:32::SCWPlatform::Opened existing hwdb design_1_wrapper_0
TRACE::2021-04-28.17:46:32::SCWPlatform::Found the Hw Db part of the input DSA
TRACE::2021-04-28.17:46:32::SCWMssOS::Checking the sw design at  D:/0FPGA_SOFTWARE/BRAM/bram_control/microblaze_0/standalone_domain/bsp/system.mss
TRACE::2021-04-28.17:46:32::SCWMssOS::DEBUG:  swdes dump  D:/0FPGA_SOFTWARE/BRAM/bram_control/microblaze_0/standalone_domain/bsp/system.mss|system||

TRACE::2021-04-28.17:46:32::SCWMssOS::Sw design exists and opened at  D:/0FPGA_SOFTWARE/BRAM/bram_control/microblaze_0/standalone_domain/bsp/system.mss
TRACE::2021-04-28.17:46:32::SCWPlatform::Trying to open the hw design at D:/0FPGA_SOFTWARE/BRAM/bram_control/hw/BRAM_XSA.xsa
TRACE::2021-04-28.17:46:32::SCWPlatform::DSA given D:/0FPGA_SOFTWARE/BRAM/bram_control/hw/BRAM_XSA.xsa
TRACE::2021-04-28.17:46:32::SCWPlatform::DSA absoulate path D:/0FPGA_SOFTWARE/BRAM/bram_control/hw/BRAM_XSA.xsa
TRACE::2021-04-28.17:46:32::SCWPlatform::DSA directory D:/0FPGA_SOFTWARE/BRAM/bram_control/hw
TRACE::2021-04-28.17:46:32::SCWPlatform:: Platform Path D:/0FPGA_SOFTWARE/BRAM/bram_control/hw/BRAM_XSA.xsa
TRACE::2021-04-28.17:46:32::SCWPlatform:: Unique name xilinx:vc707::0.0
TRACE::2021-04-28.17:46:32::SCWPlatform::Trying to set the existing hwdb with name design_1_wrapper_0
TRACE::2021-04-28.17:46:32::SCWPlatform::Opened existing hwdb design_1_wrapper_0
TRACE::2021-04-28.17:46:32::SCWPlatform::Found the Hw Db part of the input DSA
TRACE::2021-04-28.17:46:32::SCWMssOS::Checking the sw design at  D:/0FPGA_SOFTWARE/BRAM/bram_control/microblaze_0/standalone_domain/bsp/system.mss
TRACE::2021-04-28.17:46:32::SCWMssOS::DEBUG:  swdes dump  D:/0FPGA_SOFTWARE/BRAM/bram_control/microblaze_0/standalone_domain/bsp/system.mss|system||

TRACE::2021-04-28.17:46:32::SCWMssOS::Sw design exists and opened at  D:/0FPGA_SOFTWARE/BRAM/bram_control/microblaze_0/standalone_domain/bsp/system.mss
TRACE::2021-04-28.17:46:32::SCWWriter::formatted JSON is {
	"platformName":	"bram_control",
	"sprVersion":	"2.0",
	"mode":	"gui",
	"dsaType":	"Fixed",
	"platformDesc":	"bram_control",
	"platHandOff":	"C:/Users/user/Desktop/FPGA_UART/BRAM_XSA.xsa",
	"platIntHandOff":	"<platformDir>/hw/BRAM_XSA.xsa",
	"deviceType":	"FPGA",
	"platIsPrebuiltAutogen":	"false",
	"platIsNoBootBsp":	"false",
	"hasFsblMakeHasChanges":	"false",
	"hasPmufwMakeHasChanges":	"false",
	"platPreBuiltFlag":	false,
	"platformSamplesDir":	"",
	"platActiveSys":	"bram_control",
	"systems":	[{
			"systemName":	"bram_control",
			"systemDesc":	"bram_control",
			"sysIsBootAutoGen":	"true",
			"systemDispName":	"bram_control",
			"sysActiveDom":	"standalone_domain",
			"sysDefaultDom":	"standalone_domain",
			"domains":	[{
					"domainName":	"standalone_domain",
					"domainDispName":	"standalone_domain",
					"domainDesc":	"standalone_domain",
					"processors":	"microblaze_0",
					"os":	"standalone",
					"sdxOs":	"standalone",
					"debugEnable":	"False",
					"domRuntimes":	["cpp"],
					"swRepo":	"",
					"mssOsVer":	"7.3",
					"mssFile":	"",
					"md5Digest":	"e1f6f8b5387012b432c0bd3e334bdb6d",
					"compatibleApp":	"",
					"domType":	"mssDomain",
					"arch":	"32-bit",
					"appSettings":	{
						"appCompilerFlags":	"",
						"appLinkerFlags":	""
					},
					"addedLibs":	[],
					"libOptions":	{
						"libsContainingOptions":	[]
					},
					"prebuiltLibs":	{
						"prebuiltIncPath":	[],
						"prebuiltLibPath":	[]
					},
					"isolation":	{
					}
				}]
		}]
}
KEYINFO::2021-04-28.17:46:32::SCWPlatform::updated the xpfm file.
TRACE::2021-04-28.17:46:32::SCWPlatform::Trying to open the hw design at D:/0FPGA_SOFTWARE/BRAM/bram_control/hw/BRAM_XSA.xsa
TRACE::2021-04-28.17:46:32::SCWPlatform::DSA given D:/0FPGA_SOFTWARE/BRAM/bram_control/hw/BRAM_XSA.xsa
TRACE::2021-04-28.17:46:32::SCWPlatform::DSA absoulate path D:/0FPGA_SOFTWARE/BRAM/bram_control/hw/BRAM_XSA.xsa
TRACE::2021-04-28.17:46:32::SCWPlatform::DSA directory D:/0FPGA_SOFTWARE/BRAM/bram_control/hw
TRACE::2021-04-28.17:46:32::SCWPlatform:: Platform Path D:/0FPGA_SOFTWARE/BRAM/bram_control/hw/BRAM_XSA.xsa
TRACE::2021-04-28.17:46:32::SCWPlatform:: Unique name xilinx:vc707::0.0
TRACE::2021-04-28.17:46:32::SCWPlatform::Trying to set the existing hwdb with name design_1_wrapper_0
TRACE::2021-04-28.17:46:32::SCWPlatform::Opened existing hwdb design_1_wrapper_0
TRACE::2021-04-28.17:46:32::SCWPlatform::Found the Hw Db part of the input DSA
TRACE::2021-04-28.17:46:32::SCWMssOS::Checking the sw design at  D:/0FPGA_SOFTWARE/BRAM/bram_control/microblaze_0/standalone_domain/bsp/system.mss
TRACE::2021-04-28.17:46:32::SCWMssOS::DEBUG:  swdes dump  D:/0FPGA_SOFTWARE/BRAM/bram_control/microblaze_0/standalone_domain/bsp/system.mss|system||

TRACE::2021-04-28.17:46:32::SCWMssOS::Sw design exists and opened at  D:/0FPGA_SOFTWARE/BRAM/bram_control/microblaze_0/standalone_domain/bsp/system.mss
TRACE::2021-04-28.17:46:32::SCWMssOS::Saving the mss changes D:/0FPGA_SOFTWARE/BRAM/bram_control/microblaze_0/standalone_domain/bsp/system.mss
TRACE::2021-04-28.17:46:32::SCWMssOS::Found a swdesign opened with the mssfile.
TRACE::2021-04-28.17:46:32::SCWMssOS::Completed writemss as part of save.
TRACE::2021-04-28.17:46:32::SCWMssOS::Commit changes completed.
TRACE::2021-04-28.17:46:32::SCWPlatform::Trying to open the hw design at D:/0FPGA_SOFTWARE/BRAM/bram_control/hw/BRAM_XSA.xsa
TRACE::2021-04-28.17:46:32::SCWPlatform::DSA given D:/0FPGA_SOFTWARE/BRAM/bram_control/hw/BRAM_XSA.xsa
TRACE::2021-04-28.17:46:32::SCWPlatform::DSA absoulate path D:/0FPGA_SOFTWARE/BRAM/bram_control/hw/BRAM_XSA.xsa
TRACE::2021-04-28.17:46:32::SCWPlatform::DSA directory D:/0FPGA_SOFTWARE/BRAM/bram_control/hw
TRACE::2021-04-28.17:46:32::SCWPlatform:: Platform Path D:/0FPGA_SOFTWARE/BRAM/bram_control/hw/BRAM_XSA.xsa
TRACE::2021-04-28.17:46:32::SCWPlatform:: Unique name xilinx:vc707::0.0
TRACE::2021-04-28.17:46:32::SCWPlatform::Trying to set the existing hwdb with name design_1_wrapper_0
TRACE::2021-04-28.17:46:32::SCWPlatform::Opened existing hwdb design_1_wrapper_0
TRACE::2021-04-28.17:46:32::SCWPlatform::Found the Hw Db part of the input DSA
TRACE::2021-04-28.17:46:32::SCWMssOS::Checking the sw design at  D:/0FPGA_SOFTWARE/BRAM/bram_control/microblaze_0/standalone_domain/bsp/system.mss
TRACE::2021-04-28.17:46:32::SCWMssOS::DEBUG:  swdes dump  D:/0FPGA_SOFTWARE/BRAM/bram_control/microblaze_0/standalone_domain/bsp/system.mss|system||

TRACE::2021-04-28.17:46:32::SCWMssOS::Sw design exists and opened at  D:/0FPGA_SOFTWARE/BRAM/bram_control/microblaze_0/standalone_domain/bsp/system.mss
TRACE::2021-04-28.17:46:32::SCWPlatform::Trying to open the hw design at D:/0FPGA_SOFTWARE/BRAM/bram_control/hw/BRAM_XSA.xsa
TRACE::2021-04-28.17:46:32::SCWPlatform::DSA given D:/0FPGA_SOFTWARE/BRAM/bram_control/hw/BRAM_XSA.xsa
TRACE::2021-04-28.17:46:32::SCWPlatform::DSA absoulate path D:/0FPGA_SOFTWARE/BRAM/bram_control/hw/BRAM_XSA.xsa
TRACE::2021-04-28.17:46:32::SCWPlatform::DSA directory D:/0FPGA_SOFTWARE/BRAM/bram_control/hw
TRACE::2021-04-28.17:46:32::SCWPlatform:: Platform Path D:/0FPGA_SOFTWARE/BRAM/bram_control/hw/BRAM_XSA.xsa
TRACE::2021-04-28.17:46:32::SCWPlatform:: Unique name xilinx:vc707::0.0
TRACE::2021-04-28.17:46:32::SCWPlatform::Trying to set the existing hwdb with name design_1_wrapper_0
TRACE::2021-04-28.17:46:32::SCWPlatform::Opened existing hwdb design_1_wrapper_0
TRACE::2021-04-28.17:46:32::SCWPlatform::Found the Hw Db part of the input DSA
TRACE::2021-04-28.17:46:32::SCWMssOS::Checking the sw design at  D:/0FPGA_SOFTWARE/BRAM/bram_control/microblaze_0/standalone_domain/bsp/system.mss
TRACE::2021-04-28.17:46:32::SCWMssOS::DEBUG:  swdes dump  D:/0FPGA_SOFTWARE/BRAM/bram_control/microblaze_0/standalone_domain/bsp/system.mss|system||

TRACE::2021-04-28.17:46:32::SCWMssOS::Sw design exists and opened at  D:/0FPGA_SOFTWARE/BRAM/bram_control/microblaze_0/standalone_domain/bsp/system.mss
TRACE::2021-04-28.17:46:32::SCWPlatform::Trying to open the hw design at D:/0FPGA_SOFTWARE/BRAM/bram_control/hw/BRAM_XSA.xsa
TRACE::2021-04-28.17:46:32::SCWPlatform::DSA given D:/0FPGA_SOFTWARE/BRAM/bram_control/hw/BRAM_XSA.xsa
TRACE::2021-04-28.17:46:32::SCWPlatform::DSA absoulate path D:/0FPGA_SOFTWARE/BRAM/bram_control/hw/BRAM_XSA.xsa
TRACE::2021-04-28.17:46:32::SCWPlatform::DSA directory D:/0FPGA_SOFTWARE/BRAM/bram_control/hw
TRACE::2021-04-28.17:46:32::SCWPlatform:: Platform Path D:/0FPGA_SOFTWARE/BRAM/bram_control/hw/BRAM_XSA.xsa
TRACE::2021-04-28.17:46:32::SCWPlatform:: Unique name xilinx:vc707::0.0
TRACE::2021-04-28.17:46:32::SCWPlatform::Trying to set the existing hwdb with name design_1_wrapper_0
TRACE::2021-04-28.17:46:32::SCWPlatform::Opened existing hwdb design_1_wrapper_0
TRACE::2021-04-28.17:46:32::SCWPlatform::Found the Hw Db part of the input DSA
TRACE::2021-04-28.17:46:32::SCWMssOS::Checking the sw design at  D:/0FPGA_SOFTWARE/BRAM/bram_control/microblaze_0/standalone_domain/bsp/system.mss
TRACE::2021-04-28.17:46:32::SCWMssOS::DEBUG:  swdes dump  D:/0FPGA_SOFTWARE/BRAM/bram_control/microblaze_0/standalone_domain/bsp/system.mss|system||

TRACE::2021-04-28.17:46:32::SCWMssOS::Sw design exists and opened at  D:/0FPGA_SOFTWARE/BRAM/bram_control/microblaze_0/standalone_domain/bsp/system.mss
TRACE::2021-04-28.17:46:32::SCWWriter::formatted JSON is {
	"platformName":	"bram_control",
	"sprVersion":	"2.0",
	"mode":	"gui",
	"dsaType":	"Fixed",
	"platformDesc":	"bram_control",
	"platHandOff":	"C:/Users/user/Desktop/FPGA_UART/BRAM_XSA.xsa",
	"platIntHandOff":	"<platformDir>/hw/BRAM_XSA.xsa",
	"deviceType":	"FPGA",
	"platIsPrebuiltAutogen":	"false",
	"platIsNoBootBsp":	"false",
	"hasFsblMakeHasChanges":	"false",
	"hasPmufwMakeHasChanges":	"false",
	"platPreBuiltFlag":	false,
	"platformSamplesDir":	"",
	"platActiveSys":	"bram_control",
	"systems":	[{
			"systemName":	"bram_control",
			"systemDesc":	"bram_control",
			"sysIsBootAutoGen":	"true",
			"systemDispName":	"bram_control",
			"sysActiveDom":	"standalone_domain",
			"sysDefaultDom":	"standalone_domain",
			"domains":	[{
					"domainName":	"standalone_domain",
					"domainDispName":	"standalone_domain",
					"domainDesc":	"standalone_domain",
					"processors":	"microblaze_0",
					"os":	"standalone",
					"sdxOs":	"standalone",
					"debugEnable":	"False",
					"domRuntimes":	["cpp"],
					"swRepo":	"",
					"mssOsVer":	"7.3",
					"mssFile":	"",
					"md5Digest":	"e1f6f8b5387012b432c0bd3e334bdb6d",
					"compatibleApp":	"",
					"domType":	"mssDomain",
					"arch":	"32-bit",
					"appSettings":	{
						"appCompilerFlags":	"",
						"appLinkerFlags":	""
					},
					"addedLibs":	[],
					"libOptions":	{
						"libsContainingOptions":	[]
					},
					"prebuiltLibs":	{
						"prebuiltIncPath":	[],
						"prebuiltLibPath":	[]
					},
					"isolation":	{
					}
				}]
		}]
}
TRACE::2021-04-28.17:46:32::SCWPlatform::Trying to open the hw design at D:/0FPGA_SOFTWARE/BRAM/bram_control/hw/BRAM_XSA.xsa
TRACE::2021-04-28.17:46:32::SCWPlatform::DSA given D:/0FPGA_SOFTWARE/BRAM/bram_control/hw/BRAM_XSA.xsa
TRACE::2021-04-28.17:46:32::SCWPlatform::DSA absoulate path D:/0FPGA_SOFTWARE/BRAM/bram_control/hw/BRAM_XSA.xsa
TRACE::2021-04-28.17:46:32::SCWPlatform::DSA directory D:/0FPGA_SOFTWARE/BRAM/bram_control/hw
TRACE::2021-04-28.17:46:32::SCWPlatform:: Platform Path D:/0FPGA_SOFTWARE/BRAM/bram_control/hw/BRAM_XSA.xsa
TRACE::2021-04-28.17:46:32::SCWPlatform:: Unique name xilinx:vc707::0.0
TRACE::2021-04-28.17:46:32::SCWPlatform::Trying to set the existing hwdb with name design_1_wrapper_0
TRACE::2021-04-28.17:46:32::SCWPlatform::Opened existing hwdb design_1_wrapper_0
TRACE::2021-04-28.17:46:32::SCWPlatform::Found the Hw Db part of the input DSA
TRACE::2021-04-28.17:46:32::SCWMssOS::Checking the sw design at  D:/0FPGA_SOFTWARE/BRAM/bram_control/microblaze_0/standalone_domain/bsp/system.mss
TRACE::2021-04-28.17:46:32::SCWMssOS::DEBUG:  swdes dump  D:/0FPGA_SOFTWARE/BRAM/bram_control/microblaze_0/standalone_domain/bsp/system.mss|system||

TRACE::2021-04-28.17:46:32::SCWMssOS::Sw design exists and opened at  D:/0FPGA_SOFTWARE/BRAM/bram_control/microblaze_0/standalone_domain/bsp/system.mss
TRACE::2021-04-28.17:46:32::SCWPlatform::Trying to open the hw design at D:/0FPGA_SOFTWARE/BRAM/bram_control/hw/BRAM_XSA.xsa
TRACE::2021-04-28.17:46:32::SCWPlatform::DSA given D:/0FPGA_SOFTWARE/BRAM/bram_control/hw/BRAM_XSA.xsa
TRACE::2021-04-28.17:46:32::SCWPlatform::DSA absoulate path D:/0FPGA_SOFTWARE/BRAM/bram_control/hw/BRAM_XSA.xsa
TRACE::2021-04-28.17:46:32::SCWPlatform::DSA directory D:/0FPGA_SOFTWARE/BRAM/bram_control/hw
TRACE::2021-04-28.17:46:32::SCWPlatform:: Platform Path D:/0FPGA_SOFTWARE/BRAM/bram_control/hw/BRAM_XSA.xsa
TRACE::2021-04-28.17:46:32::SCWPlatform:: Unique name xilinx:vc707::0.0
TRACE::2021-04-28.17:46:32::SCWPlatform::Trying to set the existing hwdb with name design_1_wrapper_0
TRACE::2021-04-28.17:46:32::SCWPlatform::Opened existing hwdb design_1_wrapper_0
TRACE::2021-04-28.17:46:32::SCWPlatform::Found the Hw Db part of the input DSA
TRACE::2021-04-28.17:46:32::SCWMssOS::Checking the sw design at  D:/0FPGA_SOFTWARE/BRAM/bram_control/microblaze_0/standalone_domain/bsp/system.mss
TRACE::2021-04-28.17:46:32::SCWMssOS::DEBUG:  swdes dump  D:/0FPGA_SOFTWARE/BRAM/bram_control/microblaze_0/standalone_domain/bsp/system.mss|system||

TRACE::2021-04-28.17:46:32::SCWMssOS::Sw design exists and opened at  D:/0FPGA_SOFTWARE/BRAM/bram_control/microblaze_0/standalone_domain/bsp/system.mss
TRACE::2021-04-28.17:46:32::SCWPlatform::Trying to open the hw design at D:/0FPGA_SOFTWARE/BRAM/bram_control/hw/BRAM_XSA.xsa
TRACE::2021-04-28.17:46:32::SCWPlatform::DSA given D:/0FPGA_SOFTWARE/BRAM/bram_control/hw/BRAM_XSA.xsa
TRACE::2021-04-28.17:46:32::SCWPlatform::DSA absoulate path D:/0FPGA_SOFTWARE/BRAM/bram_control/hw/BRAM_XSA.xsa
TRACE::2021-04-28.17:46:32::SCWPlatform::DSA directory D:/0FPGA_SOFTWARE/BRAM/bram_control/hw
TRACE::2021-04-28.17:46:32::SCWPlatform:: Platform Path D:/0FPGA_SOFTWARE/BRAM/bram_control/hw/BRAM_XSA.xsa
TRACE::2021-04-28.17:46:32::SCWPlatform:: Unique name xilinx:vc707::0.0
TRACE::2021-04-28.17:46:32::SCWPlatform::Trying to set the existing hwdb with name design_1_wrapper_0
TRACE::2021-04-28.17:46:32::SCWPlatform::Opened existing hwdb design_1_wrapper_0
TRACE::2021-04-28.17:46:32::SCWPlatform::Found the Hw Db part of the input DSA
TRACE::2021-04-28.17:46:32::SCWMssOS::Checking the sw design at  D:/0FPGA_SOFTWARE/BRAM/bram_control/microblaze_0/standalone_domain/bsp/system.mss
TRACE::2021-04-28.17:46:32::SCWMssOS::DEBUG:  swdes dump  D:/0FPGA_SOFTWARE/BRAM/bram_control/microblaze_0/standalone_domain/bsp/system.mss|system||

TRACE::2021-04-28.17:46:32::SCWMssOS::Sw design exists and opened at  D:/0FPGA_SOFTWARE/BRAM/bram_control/microblaze_0/standalone_domain/bsp/system.mss
TRACE::2021-04-28.17:46:32::SCWMssOS::Saving the mss changes D:/0FPGA_SOFTWARE/BRAM/bram_control/microblaze_0/standalone_domain/bsp/system.mss
TRACE::2021-04-28.17:46:32::SCWMssOS::Found a swdesign opened with the mssfile.
TRACE::2021-04-28.17:46:32::SCWMssOS::Completed writemss as part of save.
TRACE::2021-04-28.17:46:32::SCWMssOS::Commit changes completed.
TRACE::2021-04-28.17:46:32::SCWPlatform::Trying to open the hw design at D:/0FPGA_SOFTWARE/BRAM/bram_control/hw/BRAM_XSA.xsa
TRACE::2021-04-28.17:46:32::SCWPlatform::DSA given D:/0FPGA_SOFTWARE/BRAM/bram_control/hw/BRAM_XSA.xsa
TRACE::2021-04-28.17:46:32::SCWPlatform::DSA absoulate path D:/0FPGA_SOFTWARE/BRAM/bram_control/hw/BRAM_XSA.xsa
TRACE::2021-04-28.17:46:32::SCWPlatform::DSA directory D:/0FPGA_SOFTWARE/BRAM/bram_control/hw
TRACE::2021-04-28.17:46:32::SCWPlatform:: Platform Path D:/0FPGA_SOFTWARE/BRAM/bram_control/hw/BRAM_XSA.xsa
TRACE::2021-04-28.17:46:32::SCWPlatform:: Unique name xilinx:vc707::0.0
TRACE::2021-04-28.17:46:32::SCWPlatform::Trying to set the existing hwdb with name design_1_wrapper_0
TRACE::2021-04-28.17:46:32::SCWPlatform::Opened existing hwdb design_1_wrapper_0
TRACE::2021-04-28.17:46:32::SCWPlatform::Found the Hw Db part of the input DSA
TRACE::2021-04-28.17:46:32::SCWMssOS::Checking the sw design at  D:/0FPGA_SOFTWARE/BRAM/bram_control/microblaze_0/standalone_domain/bsp/system.mss
TRACE::2021-04-28.17:46:32::SCWMssOS::DEBUG:  swdes dump  D:/0FPGA_SOFTWARE/BRAM/bram_control/microblaze_0/standalone_domain/bsp/system.mss|system||

TRACE::2021-04-28.17:46:32::SCWMssOS::Sw design exists and opened at  D:/0FPGA_SOFTWARE/BRAM/bram_control/microblaze_0/standalone_domain/bsp/system.mss
TRACE::2021-04-28.17:46:32::SCWPlatform::Trying to open the hw design at D:/0FPGA_SOFTWARE/BRAM/bram_control/hw/BRAM_XSA.xsa
TRACE::2021-04-28.17:46:32::SCWPlatform::DSA given D:/0FPGA_SOFTWARE/BRAM/bram_control/hw/BRAM_XSA.xsa
TRACE::2021-04-28.17:46:32::SCWPlatform::DSA absoulate path D:/0FPGA_SOFTWARE/BRAM/bram_control/hw/BRAM_XSA.xsa
TRACE::2021-04-28.17:46:32::SCWPlatform::DSA directory D:/0FPGA_SOFTWARE/BRAM/bram_control/hw
TRACE::2021-04-28.17:46:32::SCWPlatform:: Platform Path D:/0FPGA_SOFTWARE/BRAM/bram_control/hw/BRAM_XSA.xsa
TRACE::2021-04-28.17:46:32::SCWPlatform:: Unique name xilinx:vc707::0.0
TRACE::2021-04-28.17:46:32::SCWPlatform::Trying to set the existing hwdb with name design_1_wrapper_0
TRACE::2021-04-28.17:46:32::SCWPlatform::Opened existing hwdb design_1_wrapper_0
TRACE::2021-04-28.17:46:32::SCWPlatform::Found the Hw Db part of the input DSA
TRACE::2021-04-28.17:46:32::SCWMssOS::Checking the sw design at  D:/0FPGA_SOFTWARE/BRAM/bram_control/microblaze_0/standalone_domain/bsp/system.mss
TRACE::2021-04-28.17:46:32::SCWMssOS::DEBUG:  swdes dump  D:/0FPGA_SOFTWARE/BRAM/bram_control/microblaze_0/standalone_domain/bsp/system.mss|system||

TRACE::2021-04-28.17:46:32::SCWMssOS::Sw design exists and opened at  D:/0FPGA_SOFTWARE/BRAM/bram_control/microblaze_0/standalone_domain/bsp/system.mss
TRACE::2021-04-28.17:46:32::SCWPlatform::Trying to open the hw design at D:/0FPGA_SOFTWARE/BRAM/bram_control/hw/BRAM_XSA.xsa
TRACE::2021-04-28.17:46:32::SCWPlatform::DSA given D:/0FPGA_SOFTWARE/BRAM/bram_control/hw/BRAM_XSA.xsa
TRACE::2021-04-28.17:46:32::SCWPlatform::DSA absoulate path D:/0FPGA_SOFTWARE/BRAM/bram_control/hw/BRAM_XSA.xsa
TRACE::2021-04-28.17:46:32::SCWPlatform::DSA directory D:/0FPGA_SOFTWARE/BRAM/bram_control/hw
TRACE::2021-04-28.17:46:32::SCWPlatform:: Platform Path D:/0FPGA_SOFTWARE/BRAM/bram_control/hw/BRAM_XSA.xsa
TRACE::2021-04-28.17:46:32::SCWPlatform:: Unique name xilinx:vc707::0.0
TRACE::2021-04-28.17:46:32::SCWPlatform::Trying to set the existing hwdb with name design_1_wrapper_0
TRACE::2021-04-28.17:46:32::SCWPlatform::Opened existing hwdb design_1_wrapper_0
TRACE::2021-04-28.17:46:32::SCWPlatform::Found the Hw Db part of the input DSA
TRACE::2021-04-28.17:46:32::SCWMssOS::Checking the sw design at  D:/0FPGA_SOFTWARE/BRAM/bram_control/microblaze_0/standalone_domain/bsp/system.mss
TRACE::2021-04-28.17:46:32::SCWMssOS::DEBUG:  swdes dump  D:/0FPGA_SOFTWARE/BRAM/bram_control/microblaze_0/standalone_domain/bsp/system.mss|system||

TRACE::2021-04-28.17:46:32::SCWMssOS::Sw design exists and opened at  D:/0FPGA_SOFTWARE/BRAM/bram_control/microblaze_0/standalone_domain/bsp/system.mss
TRACE::2021-04-28.17:46:32::SCWWriter::formatted JSON is {
	"platformName":	"bram_control",
	"sprVersion":	"2.0",
	"mode":	"gui",
	"dsaType":	"Fixed",
	"platformDesc":	"bram_control",
	"platHandOff":	"C:/Users/user/Desktop/FPGA_UART/BRAM_XSA.xsa",
	"platIntHandOff":	"<platformDir>/hw/BRAM_XSA.xsa",
	"deviceType":	"FPGA",
	"platIsPrebuiltAutogen":	"false",
	"platIsNoBootBsp":	"false",
	"hasFsblMakeHasChanges":	"false",
	"hasPmufwMakeHasChanges":	"false",
	"platPreBuiltFlag":	false,
	"platformSamplesDir":	"",
	"platActiveSys":	"bram_control",
	"systems":	[{
			"systemName":	"bram_control",
			"systemDesc":	"bram_control",
			"sysIsBootAutoGen":	"true",
			"systemDispName":	"bram_control",
			"sysActiveDom":	"standalone_domain",
			"sysDefaultDom":	"standalone_domain",
			"domains":	[{
					"domainName":	"standalone_domain",
					"domainDispName":	"standalone on microblaze_0",
					"domainDesc":	"standalone_domain",
					"processors":	"microblaze_0",
					"os":	"standalone",
					"sdxOs":	"standalone",
					"debugEnable":	"False",
					"domRuntimes":	["cpp"],
					"swRepo":	"",
					"mssOsVer":	"7.3",
					"mssFile":	"",
					"md5Digest":	"e1f6f8b5387012b432c0bd3e334bdb6d",
					"compatibleApp":	"",
					"domType":	"mssDomain",
					"arch":	"32-bit",
					"appSettings":	{
						"appCompilerFlags":	"",
						"appLinkerFlags":	""
					},
					"addedLibs":	[],
					"libOptions":	{
						"libsContainingOptions":	[]
					},
					"prebuiltLibs":	{
						"prebuiltIncPath":	[],
						"prebuiltLibPath":	[]
					},
					"isolation":	{
					}
				}]
		}]
}
TRACE::2021-04-28.17:46:32::SCWMssOS::Saving the mss changes D:/0FPGA_SOFTWARE/BRAM/bram_control/microblaze_0/standalone_domain/bsp/system.mss
TRACE::2021-04-28.17:46:32::SCWMssOS::Found a swdesign opened with the mssfile.
TRACE::2021-04-28.17:46:32::SCWMssOS::Completed writemss as part of save.
TRACE::2021-04-28.17:46:32::SCWMssOS::Commit changes completed.
TRACE::2021-04-28.17:46:32::SCWPlatform::Trying to open the hw design at D:/0FPGA_SOFTWARE/BRAM/bram_control/hw/BRAM_XSA.xsa
TRACE::2021-04-28.17:46:32::SCWPlatform::DSA given D:/0FPGA_SOFTWARE/BRAM/bram_control/hw/BRAM_XSA.xsa
TRACE::2021-04-28.17:46:32::SCWPlatform::DSA absoulate path D:/0FPGA_SOFTWARE/BRAM/bram_control/hw/BRAM_XSA.xsa
TRACE::2021-04-28.17:46:32::SCWPlatform::DSA directory D:/0FPGA_SOFTWARE/BRAM/bram_control/hw
TRACE::2021-04-28.17:46:32::SCWPlatform:: Platform Path D:/0FPGA_SOFTWARE/BRAM/bram_control/hw/BRAM_XSA.xsa
TRACE::2021-04-28.17:46:32::SCWPlatform:: Unique name xilinx:vc707::0.0
TRACE::2021-04-28.17:46:32::SCWPlatform::Trying to set the existing hwdb with name design_1_wrapper_0
TRACE::2021-04-28.17:46:32::SCWPlatform::Opened existing hwdb design_1_wrapper_0
TRACE::2021-04-28.17:46:32::SCWPlatform::Found the Hw Db part of the input DSA
TRACE::2021-04-28.17:46:32::SCWMssOS::Checking the sw design at  D:/0FPGA_SOFTWARE/BRAM/bram_control/microblaze_0/standalone_domain/bsp/system.mss
TRACE::2021-04-28.17:46:32::SCWMssOS::DEBUG:  swdes dump  D:/0FPGA_SOFTWARE/BRAM/bram_control/microblaze_0/standalone_domain/bsp/system.mss|system||

TRACE::2021-04-28.17:46:32::SCWMssOS::Sw design exists and opened at  D:/0FPGA_SOFTWARE/BRAM/bram_control/microblaze_0/standalone_domain/bsp/system.mss
TRACE::2021-04-28.17:46:32::SCWPlatform::Trying to open the hw design at D:/0FPGA_SOFTWARE/BRAM/bram_control/hw/BRAM_XSA.xsa
TRACE::2021-04-28.17:46:32::SCWPlatform::DSA given D:/0FPGA_SOFTWARE/BRAM/bram_control/hw/BRAM_XSA.xsa
TRACE::2021-04-28.17:46:32::SCWPlatform::DSA absoulate path D:/0FPGA_SOFTWARE/BRAM/bram_control/hw/BRAM_XSA.xsa
TRACE::2021-04-28.17:46:32::SCWPlatform::DSA directory D:/0FPGA_SOFTWARE/BRAM/bram_control/hw
TRACE::2021-04-28.17:46:32::SCWPlatform:: Platform Path D:/0FPGA_SOFTWARE/BRAM/bram_control/hw/BRAM_XSA.xsa
TRACE::2021-04-28.17:46:32::SCWPlatform:: Unique name xilinx:vc707::0.0
TRACE::2021-04-28.17:46:32::SCWPlatform::Trying to set the existing hwdb with name design_1_wrapper_0
TRACE::2021-04-28.17:46:32::SCWPlatform::Opened existing hwdb design_1_wrapper_0
TRACE::2021-04-28.17:46:32::SCWPlatform::Found the Hw Db part of the input DSA
TRACE::2021-04-28.17:46:32::SCWMssOS::Checking the sw design at  D:/0FPGA_SOFTWARE/BRAM/bram_control/microblaze_0/standalone_domain/bsp/system.mss
TRACE::2021-04-28.17:46:32::SCWMssOS::DEBUG:  swdes dump  D:/0FPGA_SOFTWARE/BRAM/bram_control/microblaze_0/standalone_domain/bsp/system.mss|system||

TRACE::2021-04-28.17:46:32::SCWMssOS::Sw design exists and opened at  D:/0FPGA_SOFTWARE/BRAM/bram_control/microblaze_0/standalone_domain/bsp/system.mss
TRACE::2021-04-28.17:46:32::SCWPlatform::Trying to open the hw design at D:/0FPGA_SOFTWARE/BRAM/bram_control/hw/BRAM_XSA.xsa
TRACE::2021-04-28.17:46:32::SCWPlatform::DSA given D:/0FPGA_SOFTWARE/BRAM/bram_control/hw/BRAM_XSA.xsa
TRACE::2021-04-28.17:46:32::SCWPlatform::DSA absoulate path D:/0FPGA_SOFTWARE/BRAM/bram_control/hw/BRAM_XSA.xsa
TRACE::2021-04-28.17:46:32::SCWPlatform::DSA directory D:/0FPGA_SOFTWARE/BRAM/bram_control/hw
TRACE::2021-04-28.17:46:32::SCWPlatform:: Platform Path D:/0FPGA_SOFTWARE/BRAM/bram_control/hw/BRAM_XSA.xsa
TRACE::2021-04-28.17:46:32::SCWPlatform:: Unique name xilinx:vc707::0.0
TRACE::2021-04-28.17:46:32::SCWPlatform::Trying to set the existing hwdb with name design_1_wrapper_0
TRACE::2021-04-28.17:46:32::SCWPlatform::Opened existing hwdb design_1_wrapper_0
TRACE::2021-04-28.17:46:32::SCWPlatform::Found the Hw Db part of the input DSA
TRACE::2021-04-28.17:46:32::SCWMssOS::Checking the sw design at  D:/0FPGA_SOFTWARE/BRAM/bram_control/microblaze_0/standalone_domain/bsp/system.mss
TRACE::2021-04-28.17:46:32::SCWMssOS::DEBUG:  swdes dump  D:/0FPGA_SOFTWARE/BRAM/bram_control/microblaze_0/standalone_domain/bsp/system.mss|system||

TRACE::2021-04-28.17:46:32::SCWMssOS::Sw design exists and opened at  D:/0FPGA_SOFTWARE/BRAM/bram_control/microblaze_0/standalone_domain/bsp/system.mss
TRACE::2021-04-28.17:46:32::SCWWriter::formatted JSON is {
	"platformName":	"bram_control",
	"sprVersion":	"2.0",
	"mode":	"gui",
	"dsaType":	"Fixed",
	"platformDesc":	"bram_control",
	"platHandOff":	"C:/Users/user/Desktop/FPGA_UART/BRAM_XSA.xsa",
	"platIntHandOff":	"<platformDir>/hw/BRAM_XSA.xsa",
	"deviceType":	"FPGA",
	"platIsPrebuiltAutogen":	"false",
	"platIsNoBootBsp":	"false",
	"hasFsblMakeHasChanges":	"false",
	"hasPmufwMakeHasChanges":	"false",
	"platPreBuiltFlag":	false,
	"platformSamplesDir":	"",
	"platActiveSys":	"bram_control",
	"systems":	[{
			"systemName":	"bram_control",
			"systemDesc":	"bram_control",
			"sysIsBootAutoGen":	"true",
			"systemDispName":	"bram_control",
			"sysActiveDom":	"standalone_domain",
			"sysDefaultDom":	"standalone_domain",
			"domains":	[{
					"domainName":	"standalone_domain",
					"domainDispName":	"standalone on microblaze_0",
					"domainDesc":	"standalone_domain",
					"processors":	"microblaze_0",
					"os":	"standalone",
					"sdxOs":	"standalone",
					"debugEnable":	"False",
					"domRuntimes":	["cpp"],
					"swRepo":	"",
					"mssOsVer":	"7.3",
					"mssFile":	"",
					"md5Digest":	"e1f6f8b5387012b432c0bd3e334bdb6d",
					"compatibleApp":	"",
					"domType":	"mssDomain",
					"arch":	"32-bit",
					"appSettings":	{
						"appCompilerFlags":	"",
						"appLinkerFlags":	""
					},
					"addedLibs":	[],
					"libOptions":	{
						"libsContainingOptions":	[]
					},
					"prebuiltLibs":	{
						"prebuiltIncPath":	[],
						"prebuiltLibPath":	[]
					},
					"isolation":	{
					}
				}]
		}]
}
TRACE::2021-04-28.17:46:32::SCWPlatform::Clearing the existing platform
TRACE::2021-04-28.17:46:32::SCWSystem::Clearing the existing sysconfig
TRACE::2021-04-28.17:46:32::SCWMssOS::Removing the swdes entry for  D:/0FPGA_SOFTWARE/BRAM/bram_control/microblaze_0/standalone_domain/bsp/system.mss
TRACE::2021-04-28.17:46:32::SCWSystem::Clearing the domains completed.
TRACE::2021-04-28.17:46:32::SCWPlatform::Clearing the opened hw db.
TRACE::2021-04-28.17:46:32::SCWPlatform::DSA given D:/0FPGA_SOFTWARE/BRAM/bram_control/hw/BRAM_XSA.xsa
TRACE::2021-04-28.17:46:32::SCWPlatform::DSA absoulate path D:/0FPGA_SOFTWARE/BRAM/bram_control/hw/BRAM_XSA.xsa
TRACE::2021-04-28.17:46:32::SCWPlatform:: Platform location is D:/0FPGA_SOFTWARE/BRAM/bram_control/hw
TRACE::2021-04-28.17:46:32::SCWPlatform:: Platform Path D:/0FPGA_SOFTWARE/BRAM/bram_control/hw/BRAM_XSA.xsa
TRACE::2021-04-28.17:46:32::SCWPlatform:: Unique name xilinx:vc707::0.0
TRACE::2021-04-28.17:46:32::SCWPlatform::Removing the HwDB with name D:/0FPGA_SOFTWARE/BRAM/bram_control/hw/BRAM_XSA.xsa
TRACE::2021-04-28.17:46:32::SCWPlatform::Trying to open the hw design at D:/0FPGA_SOFTWARE/BRAM/bram_control/hw/BRAM_XSA.xsa
TRACE::2021-04-28.17:46:32::SCWPlatform::DSA given D:/0FPGA_SOFTWARE/BRAM/bram_control/hw/BRAM_XSA.xsa
TRACE::2021-04-28.17:46:32::SCWPlatform::DSA absoulate path D:/0FPGA_SOFTWARE/BRAM/bram_control/hw/BRAM_XSA.xsa
TRACE::2021-04-28.17:46:32::SCWPlatform::DSA directory D:/0FPGA_SOFTWARE/BRAM/bram_control/hw
TRACE::2021-04-28.17:46:32::SCWPlatform:: Platform Path D:/0FPGA_SOFTWARE/BRAM/bram_control/hw/BRAM_XSA.xsa
TRACE::2021-04-28.17:46:32::SCWPlatform:: Unique name xilinx:vc707::0.0
TRACE::2021-04-28.17:46:32::SCWPlatform::Do not have an existing db opened. 
TRACE::2021-04-28.17:46:32::SCWPlatform::Opened new HwDB with name design_1_wrapper_1
TRACE::2021-04-28.17:46:32::SCWReader::Active system found as  bram_control
TRACE::2021-04-28.17:46:32::SCWReader::Handling sysconfig bram_control
TRACE::2021-04-28.17:46:32::SCWDomain::checking for install qemu data   : 
TRACE::2021-04-28.17:46:32::SCWPlatform::Trying to open the hw design at D:/0FPGA_SOFTWARE/BRAM/bram_control/hw/BRAM_XSA.xsa
TRACE::2021-04-28.17:46:32::SCWPlatform::DSA given D:/0FPGA_SOFTWARE/BRAM/bram_control/hw/BRAM_XSA.xsa
TRACE::2021-04-28.17:46:32::SCWPlatform::DSA absoulate path D:/0FPGA_SOFTWARE/BRAM/bram_control/hw/BRAM_XSA.xsa
TRACE::2021-04-28.17:46:32::SCWPlatform::DSA directory D:/0FPGA_SOFTWARE/BRAM/bram_control/hw
TRACE::2021-04-28.17:46:32::SCWPlatform:: Platform Path D:/0FPGA_SOFTWARE/BRAM/bram_control/hw/BRAM_XSA.xsa
TRACE::2021-04-28.17:46:32::SCWPlatform:: Unique name xilinx:vc707::0.0
TRACE::2021-04-28.17:46:32::SCWPlatform::Trying to set the existing hwdb with name design_1_wrapper_1
TRACE::2021-04-28.17:46:32::SCWPlatform::Opened existing hwdb design_1_wrapper_1
TRACE::2021-04-28.17:46:32::SCWPlatform::Found the Hw Db part of the input DSA
TRACE::2021-04-28.17:46:32::SCWPlatform::Trying to open the hw design at D:/0FPGA_SOFTWARE/BRAM/bram_control/hw/BRAM_XSA.xsa
TRACE::2021-04-28.17:46:32::SCWPlatform::DSA given D:/0FPGA_SOFTWARE/BRAM/bram_control/hw/BRAM_XSA.xsa
TRACE::2021-04-28.17:46:32::SCWPlatform::DSA absoulate path D:/0FPGA_SOFTWARE/BRAM/bram_control/hw/BRAM_XSA.xsa
TRACE::2021-04-28.17:46:32::SCWPlatform::DSA directory D:/0FPGA_SOFTWARE/BRAM/bram_control/hw
TRACE::2021-04-28.17:46:32::SCWPlatform:: Platform Path D:/0FPGA_SOFTWARE/BRAM/bram_control/hw/BRAM_XSA.xsa
TRACE::2021-04-28.17:46:32::SCWPlatform:: Unique name xilinx:vc707::0.0
TRACE::2021-04-28.17:46:32::SCWPlatform::Trying to set the existing hwdb with name design_1_wrapper_1
TRACE::2021-04-28.17:46:32::SCWPlatform::Opened existing hwdb design_1_wrapper_1
TRACE::2021-04-28.17:46:32::SCWPlatform::Found the Hw Db part of the input DSA
TRACE::2021-04-28.17:46:32::SCWPlatform::Trying to open the hw design at D:/0FPGA_SOFTWARE/BRAM/bram_control/hw/BRAM_XSA.xsa
TRACE::2021-04-28.17:46:32::SCWPlatform::DSA given D:/0FPGA_SOFTWARE/BRAM/bram_control/hw/BRAM_XSA.xsa
TRACE::2021-04-28.17:46:32::SCWPlatform::DSA absoulate path D:/0FPGA_SOFTWARE/BRAM/bram_control/hw/BRAM_XSA.xsa
TRACE::2021-04-28.17:46:32::SCWPlatform::DSA directory D:/0FPGA_SOFTWARE/BRAM/bram_control/hw
TRACE::2021-04-28.17:46:32::SCWPlatform:: Platform Path D:/0FPGA_SOFTWARE/BRAM/bram_control/hw/BRAM_XSA.xsa
TRACE::2021-04-28.17:46:32::SCWPlatform:: Unique name xilinx:vc707::0.0
TRACE::2021-04-28.17:46:32::SCWPlatform::Trying to set the existing hwdb with name design_1_wrapper_1
TRACE::2021-04-28.17:46:32::SCWPlatform::Opened existing hwdb design_1_wrapper_1
TRACE::2021-04-28.17:46:32::SCWPlatform::Found the Hw Db part of the input DSA
TRACE::2021-04-28.17:46:32::SCWPlatform::Trying to open the hw design at D:/0FPGA_SOFTWARE/BRAM/bram_control/hw/BRAM_XSA.xsa
TRACE::2021-04-28.17:46:32::SCWPlatform::DSA given D:/0FPGA_SOFTWARE/BRAM/bram_control/hw/BRAM_XSA.xsa
TRACE::2021-04-28.17:46:32::SCWPlatform::DSA absoulate path D:/0FPGA_SOFTWARE/BRAM/bram_control/hw/BRAM_XSA.xsa
TRACE::2021-04-28.17:46:32::SCWPlatform::DSA directory D:/0FPGA_SOFTWARE/BRAM/bram_control/hw
TRACE::2021-04-28.17:46:32::SCWPlatform:: Platform Path D:/0FPGA_SOFTWARE/BRAM/bram_control/hw/BRAM_XSA.xsa
TRACE::2021-04-28.17:46:32::SCWPlatform:: Unique name xilinx:vc707::0.0
TRACE::2021-04-28.17:46:32::SCWPlatform::Trying to set the existing hwdb with name design_1_wrapper_1
TRACE::2021-04-28.17:46:32::SCWPlatform::Opened existing hwdb design_1_wrapper_1
TRACE::2021-04-28.17:46:32::SCWPlatform::Found the Hw Db part of the input DSA
TRACE::2021-04-28.17:46:32::SCWMssOS::Checking the sw design at  D:/0FPGA_SOFTWARE/BRAM/bram_control/microblaze_0/standalone_domain/bsp/system.mss
TRACE::2021-04-28.17:46:32::SCWMssOS::DEBUG:  swdes dump  
TRACE::2021-04-28.17:46:32::SCWMssOS::No sw design opened at  D:/0FPGA_SOFTWARE/BRAM/bram_control/microblaze_0/standalone_domain/bsp/system.mss
TRACE::2021-04-28.17:46:32::SCWMssOS::mss exists loading the mss file  D:/0FPGA_SOFTWARE/BRAM/bram_control/microblaze_0/standalone_domain/bsp/system.mss
TRACE::2021-04-28.17:46:32::SCWMssOS::Opened the sw design from mss  D:/0FPGA_SOFTWARE/BRAM/bram_control/microblaze_0/standalone_domain/bsp/system.mss
TRACE::2021-04-28.17:46:32::SCWMssOS::Adding the swdes entry D:/0FPGA_SOFTWARE/BRAM/bram_control/microblaze_0/standalone_domain/bsp/system.mss with des name system
TRACE::2021-04-28.17:46:32::SCWMssOS::updating the scw layer about changes
TRACE::2021-04-28.17:46:32::SCWMssOS::Opened the sw design.  D:/0FPGA_SOFTWARE/BRAM/bram_control/microblaze_0/standalone_domain/bsp/system.mss
TRACE::2021-04-28.17:46:32::SCWMssOS::Saving the mss changes D:/0FPGA_SOFTWARE/BRAM/bram_control/microblaze_0/standalone_domain/bsp/system.mss
TRACE::2021-04-28.17:46:32::SCWMssOS::Found a swdesign opened with the mssfile.
TRACE::2021-04-28.17:46:32::SCWMssOS::Completed writemss as part of save.
TRACE::2021-04-28.17:46:32::SCWMssOS::Commit changes completed.
TRACE::2021-04-28.17:46:32::SCWReader::Adding prebuilt librarypaths as   
TRACE::2021-04-28.17:46:32::SCWReader::Adding prebuilt incpaths  as   
TRACE::2021-04-28.17:46:32::SCWPlatform::Trying to open the hw design at D:/0FPGA_SOFTWARE/BRAM/bram_control/hw/BRAM_XSA.xsa
TRACE::2021-04-28.17:46:32::SCWPlatform::DSA given D:/0FPGA_SOFTWARE/BRAM/bram_control/hw/BRAM_XSA.xsa
TRACE::2021-04-28.17:46:32::SCWPlatform::DSA absoulate path D:/0FPGA_SOFTWARE/BRAM/bram_control/hw/BRAM_XSA.xsa
TRACE::2021-04-28.17:46:32::SCWPlatform::DSA directory D:/0FPGA_SOFTWARE/BRAM/bram_control/hw
TRACE::2021-04-28.17:46:32::SCWPlatform:: Platform Path D:/0FPGA_SOFTWARE/BRAM/bram_control/hw/BRAM_XSA.xsa
TRACE::2021-04-28.17:46:32::SCWPlatform:: Unique name xilinx:vc707::0.0
TRACE::2021-04-28.17:46:32::SCWPlatform::Trying to set the existing hwdb with name design_1_wrapper_1
TRACE::2021-04-28.17:46:32::SCWPlatform::Opened existing hwdb design_1_wrapper_1
TRACE::2021-04-28.17:46:32::SCWPlatform::Found the Hw Db part of the input DSA
TRACE::2021-04-28.17:46:32::SCWMssOS::Checking the sw design at  D:/0FPGA_SOFTWARE/BRAM/bram_control/microblaze_0/standalone_domain/bsp/system.mss
TRACE::2021-04-28.17:46:32::SCWMssOS::DEBUG:  swdes dump  D:/0FPGA_SOFTWARE/BRAM/bram_control/microblaze_0/standalone_domain/bsp/system.mss|system||

TRACE::2021-04-28.17:46:32::SCWMssOS::Sw design exists and opened at  D:/0FPGA_SOFTWARE/BRAM/bram_control/microblaze_0/standalone_domain/bsp/system.mss
TRACE::2021-04-28.17:46:32::SCWReader::No isolation master present  
LOG::2021-04-28.17:52:23::SCWPlatform::Started generating the artifacts platform bram_control
TRACE::2021-04-28.17:52:23::SCWPlatform::Sanity checking of platform is completed
LOG::2021-04-28.17:52:23::SCWPlatform::Started generating the artifacts for system configuration bram_control
LOG::2021-04-28.17:52:23::SCWSystem::Checking the domain standalone_domain
LOG::2021-04-28.17:52:23::SCWSystem::Not a boot domain 
LOG::2021-04-28.17:52:23::SCWSystem::Started Processing the domain standalone_domain
TRACE::2021-04-28.17:52:23::SCWDomain::Generating domain artifcats
TRACE::2021-04-28.17:52:23::SCWMssOS::Generating standalone artifcats
TRACE::2021-04-28.17:52:23::SCWMssOS:: Copying the user libraries. 
TRACE::2021-04-28.17:52:23::SCWPlatform::Trying to open the hw design at D:/0FPGA_SOFTWARE/BRAM/bram_control/hw/BRAM_XSA.xsa
TRACE::2021-04-28.17:52:23::SCWPlatform::DSA given D:/0FPGA_SOFTWARE/BRAM/bram_control/hw/BRAM_XSA.xsa
TRACE::2021-04-28.17:52:23::SCWPlatform::DSA absoulate path D:/0FPGA_SOFTWARE/BRAM/bram_control/hw/BRAM_XSA.xsa
TRACE::2021-04-28.17:52:23::SCWPlatform::DSA directory D:/0FPGA_SOFTWARE/BRAM/bram_control/hw
TRACE::2021-04-28.17:52:23::SCWPlatform:: Platform Path D:/0FPGA_SOFTWARE/BRAM/bram_control/hw/BRAM_XSA.xsa
TRACE::2021-04-28.17:52:23::SCWPlatform:: Unique name xilinx:vc707::0.0
TRACE::2021-04-28.17:52:23::SCWPlatform::Trying to set the existing hwdb with name design_1_wrapper_1
TRACE::2021-04-28.17:52:23::SCWPlatform::Opened existing hwdb design_1_wrapper_1
TRACE::2021-04-28.17:52:23::SCWPlatform::Found the Hw Db part of the input DSA
TRACE::2021-04-28.17:52:23::SCWMssOS::Checking the sw design at  D:/0FPGA_SOFTWARE/BRAM/bram_control/microblaze_0/standalone_domain/bsp/system.mss
TRACE::2021-04-28.17:52:23::SCWMssOS::DEBUG:  swdes dump  D:/0FPGA_SOFTWARE/BRAM/bram_control/microblaze_0/standalone_domain/bsp/system.mss|system||

TRACE::2021-04-28.17:52:23::SCWMssOS::Sw design exists and opened at  D:/0FPGA_SOFTWARE/BRAM/bram_control/microblaze_0/standalone_domain/bsp/system.mss
TRACE::2021-04-28.17:52:23::SCWMssOS::Completed writing the mss file at D:/0FPGA_SOFTWARE/BRAM/bram_control/microblaze_0/standalone_domain/bsp
TRACE::2021-04-28.17:52:23::SCWMssOS::Mss edits present, copying mssfile into export location D:/0FPGA_SOFTWARE/BRAM/bram_control/microblaze_0/standalone_domain/bsp/system.mss
TRACE::2021-04-28.17:52:23::SCWMssOS::bsp generated is upto date with the mss file. Skipping bsp generation.
TRACE::2021-04-28.17:52:23::SCWMssOS::BSP is already built. skipping the bsp build ... 
TRACE::2021-04-28.17:52:23::SCWDomain::Building the domain as part of full build :  standalone_domain
TRACE::2021-04-28.17:52:23::SCWMssOS::doing bsp build ... 
TRACE::2021-04-28.17:52:23::SCWMssOS::System Command Ran  D: & cd  D:/0FPGA_SOFTWARE/BRAM/bram_control/microblaze_0/standalone_domain/bsp & make 
TRACE::2021-04-28.17:52:23::SCWMssOS::make --no-print-directory seq_libs

TRACE::2021-04-28.17:52:23::SCWMssOS::'Finished building libraries sequentially.'

TRACE::2021-04-28.17:52:23::SCWMssOS::make -j --no-print-directory par_libs

TRACE::2021-04-28.17:52:23::SCWMssOS::"Running Make include in microblaze_0/libsrc/bram_v4_5/src"

TRACE::2021-04-28.17:52:23::SCWMssOS::"Running Make include in microblaze_0/libsrc/cpu_v2_12/src"

TRACE::2021-04-28.17:52:23::SCWMssOS::make -C microblaze_0/libsrc/bram_v4_5/src -s include  "SHELL=CMD" "COMPILER=mb-gcc" "ASSEMBLER=mb-as" "ARCHIVER=mb-ar" "COMPILE
TRACE::2021-04-28.17:52:23::SCWMssOS::R_FLAGS=  -O2 -c -mcpu=v11.0 -mlittle-endian -mxl-soft-mul" "EXTRA_COMPILER_FLAGS=-g -ffunction-sections -fdata-sections -Wall 
TRACE::2021-04-28.17:52:23::SCWMssOS::-Wextra"

TRACE::2021-04-28.17:52:23::SCWMssOS::"Running Make include in microblaze_0/libsrc/intc_v3_12/src"

TRACE::2021-04-28.17:52:23::SCWMssOS::make -C microblaze_0/libsrc/cpu_v2_12/src -s include  "SHELL=CMD" "COMPILER=mb-gcc" "ASSEMBLER=mb-as" "ARCHIVER=mb-ar" "COMPILE
TRACE::2021-04-28.17:52:23::SCWMssOS::R_FLAGS=  -O2 -c -mcpu=v11.0 -mlittle-endian -mxl-soft-mul" "EXTRA_COMPILER_FLAGS=-g -ffunction-sections -fdata-sections -Wall 
TRACE::2021-04-28.17:52:23::SCWMssOS::-Wextra"

TRACE::2021-04-28.17:52:23::SCWMssOS::make -C microblaze_0/libsrc/intc_v3_12/src -s include  "SHELL=CMD" "COMPILER=mb-gcc" "ASSEMBLER=mb-as" "ARCHIVER=mb-ar" "COMPIL
TRACE::2021-04-28.17:52:23::SCWMssOS::ER_FLAGS=  -O2 -c -mcpu=v11.0 -mlittle-endian -mxl-soft-mul" "EXTRA_COMPILER_FLAGS=-g -ffunction-sections -fdata-sections -Wall
TRACE::2021-04-28.17:52:23::SCWMssOS:: -Wextra"

TRACE::2021-04-28.17:52:23::SCWMssOS::"Running Make include in microblaze_0/libsrc/standalone_v7_3/src"

TRACE::2021-04-28.17:52:23::SCWMssOS::make -C microblaze_0/libsrc/standalone_v7_3/src -s include  "SHELL=CMD" "COMPILER=mb-gcc" "ASSEMBLER=mb-as" "ARCHIVER=mb-ar" "C
TRACE::2021-04-28.17:52:23::SCWMssOS::OMPILER_FLAGS=  -O2 -c -mcpu=v11.0 -mlittle-endian -mxl-soft-mul" "EXTRA_COMPILER_FLAGS=-g -ffunction-sections -fdata-sections 
TRACE::2021-04-28.17:52:23::SCWMssOS::-Wall -Wextra"

TRACE::2021-04-28.17:52:23::SCWMssOS::"Running Make include in microblaze_0/libsrc/uartns550_v3_7/src"

TRACE::2021-04-28.17:52:23::SCWMssOS::make -C microblaze_0/libsrc/uartns550_v3_7/src -s include  "SHELL=CMD" "COMPILER=mb-gcc" "ASSEMBLER=mb-as" "ARCHIVER=mb-ar" "CO
TRACE::2021-04-28.17:52:23::SCWMssOS::MPILER_FLAGS=  -O2 -c -mcpu=v11.0 -mlittle-endian -mxl-soft-mul" "EXTRA_COMPILER_FLAGS=-g -ffunction-sections -fdata-sections -
TRACE::2021-04-28.17:52:23::SCWMssOS::Wall -Wextra"

TRACE::2021-04-28.17:52:24::SCWMssOS::"Running Make libs in microblaze_0/libsrc/bram_v4_5/src"

TRACE::2021-04-28.17:52:24::SCWMssOS::"Running Make libs in microblaze_0/libsrc/cpu_v2_12/src"

TRACE::2021-04-28.17:52:24::SCWMssOS::make -C microblaze_0/libsrc/bram_v4_5/src -s libs  "SHELL=CMD" "COMPILER=mb-gcc" "ASSEMBLER=mb-as" "ARCHIVER=mb-ar" "COMPILER_F
TRACE::2021-04-28.17:52:24::SCWMssOS::LAGS=  -O2 -c -mcpu=v11.0 -mlittle-endian -mxl-soft-mul" "EXTRA_COMPILER_FLAGS=-g -ffunction-sections -fdata-sections -Wall -We
TRACE::2021-04-28.17:52:24::SCWMssOS::xtra"

TRACE::2021-04-28.17:52:24::SCWMssOS::"Running Make libs in microblaze_0/libsrc/intc_v3_12/src"

TRACE::2021-04-28.17:52:24::SCWMssOS::make -C microblaze_0/libsrc/cpu_v2_12/src -s libs  "SHELL=CMD" "COMPILER=mb-gcc" "ASSEMBLER=mb-as" "ARCHIVER=mb-ar" "COMPILER_F
TRACE::2021-04-28.17:52:24::SCWMssOS::LAGS=  -O2 -c -mcpu=v11.0 -mlittle-endian -mxl-soft-mul" "EXTRA_COMPILER_FLAGS=-g -ffunction-sections -fdata-sections -Wall -We
TRACE::2021-04-28.17:52:24::SCWMssOS::xtra"

TRACE::2021-04-28.17:52:24::SCWMssOS::make -C microblaze_0/libsrc/intc_v3_12/src -s libs  "SHELL=CMD" "COMPILER=mb-gcc" "ASSEMBLER=mb-as" "ARCHIVER=mb-ar" "COMPILER_
TRACE::2021-04-28.17:52:24::SCWMssOS::FLAGS=  -O2 -c -mcpu=v11.0 -mlittle-endian -mxl-soft-mul" "EXTRA_COMPILER_FLAGS=-g -ffunction-sections -fdata-sections -Wall -W
TRACE::2021-04-28.17:52:24::SCWMssOS::extra"

TRACE::2021-04-28.17:52:24::SCWMssOS::"Running Make libs in microblaze_0/libsrc/standalone_v7_3/src"

TRACE::2021-04-28.17:52:24::SCWMssOS::make -C microblaze_0/libsrc/standalone_v7_3/src -s libs  "SHELL=CMD" "COMPILER=mb-gcc" "ASSEMBLER=mb-as" "ARCHIVER=mb-ar" "COMP
TRACE::2021-04-28.17:52:24::SCWMssOS::ILER_FLAGS=  -O2 -c -mcpu=v11.0 -mlittle-endian -mxl-soft-mul" "EXTRA_COMPILER_FLAGS=-g -ffunction-sections -fdata-sections -Wa
TRACE::2021-04-28.17:52:24::SCWMssOS::ll -Wextra"

TRACE::2021-04-28.17:52:24::SCWMssOS::"Running Make libs in microblaze_0/libsrc/uartns550_v3_7/src"

TRACE::2021-04-28.17:52:24::SCWMssOS::make -C microblaze_0/libsrc/uartns550_v3_7/src -s libs  "SHELL=CMD" "COMPILER=mb-gcc" "ASSEMBLER=mb-as" "ARCHIVER=mb-ar" "COMPI
TRACE::2021-04-28.17:52:24::SCWMssOS::LER_FLAGS=  -O2 -c -mcpu=v11.0 -mlittle-endian -mxl-soft-mul" "EXTRA_COMPILER_FLAGS=-g -ffunction-sections -fdata-sections -Wal
TRACE::2021-04-28.17:52:24::SCWMssOS::l -Wextra"

TRACE::2021-04-28.17:52:25::SCWMssOS::"DEBUG NON_LTO_OBJECTS is ../../../lib/microblaze_interrupt_handler.o"

TRACE::2021-04-28.17:52:25::SCWMssOS::'Finished building libraries parallelly.'

TRACE::2021-04-28.17:52:25::SCWMssOS::make --no-print-directory archive

TRACE::2021-04-28.17:52:25::SCWMssOS::mb-ar -r  microblaze_0/lib/libxil.a microblaze_0/lib/xuartns550_format.o microblaze_0/lib/xplatform_info.o microblaze_0/lib/mic
TRACE::2021-04-28.17:52:25::SCWMssOS::roblaze_disable_exceptions.o microblaze_0/lib/print.o microblaze_0/lib/_exit.o microblaze_0/lib/xil_testio.o microblaze_0/lib/m
TRACE::2021-04-28.17:52:25::SCWMssOS::icroblaze_disable_dcache.o microblaze_0/lib/microblaze_flush_dcache_range.o microblaze_0/lib/xuartns550_g.o microblaze_0/lib/mi
TRACE::2021-04-28.17:52:25::SCWMssOS::croblaze_flush_cache_ext.o microblaze_0/lib/xbram_sinit.o microblaze_0/lib/xuartns550_sinit.o microblaze_0/lib/xil_misc_psreset
TRACE::2021-04-28.17:52:25::SCWMssOS::_api.o microblaze_0/lib/xuartns550_selftest.o microblaze_0/lib/xil_cache.o microblaze_0/lib/xil_util.o microblaze_0/lib/inbyte.
TRACE::2021-04-28.17:52:25::SCWMssOS::o microblaze_0/lib/xbram_g.o microblaze_0/lib/microblaze_exception_handler.o microblaze_0/lib/xuartns550.o microblaze_0/lib/mic
TRACE::2021-04-28.17:52:25::SCWMssOS::roblaze_scrub.o microblaze_0/lib/microblaze_invalidate_dcache.o microblaze_0/lib/microblaze_disable_interrupts.o microblaze_0/l
TRACE::2021-04-28.17:52:25::SCWMssOS::ib/xbram_selftest.o microblaze_0/lib/microblaze_interrupt_handler.o microblaze_0/lib/microblaze_disable_icache.o microblaze_0/l
TRACE::2021-04-28.17:52:25::SCWMssOS::ib/xuartns550_intr.o microblaze_0/lib/xuartns550_l.o microblaze_0/lib/xil_mem.o microblaze_0/lib/xuartns550_stats.o microblaze_
TRACE::2021-04-28.17:52:25::SCWMssOS::0/lib/microblaze_flush_cache_ext_range.o microblaze_0/lib/xuartns550_options.o microblaze_0/lib/xbram_intr.o microblaze_0/lib/x
TRACE::2021-04-28.17:52:25::SCWMssOS::il_sleepcommon.o microblaze_0/lib/xil_printf.o microblaze_0/lib/xintc_g.o microblaze_0/lib/xintc_selftest.o microblaze_0/lib/xi
TRACE::2021-04-28.17:52:25::SCWMssOS::ntc_l.o microblaze_0/lib/outbyte.o microblaze_0/lib/microblaze_invalidate_dcache_range.o microblaze_0/lib/microblaze_invalidate
TRACE::2021-04-28.17:52:25::SCWMssOS::_cache_ext.o microblaze_0/lib/microblaze_sleep.o microblaze_0/lib/hw_exception_handler.o microblaze_0/lib/xintc_intr.o microbla
TRACE::2021-04-28.17:52:25::SCWMssOS::ze_0/lib/microblaze_update_dcache.o microblaze_0/lib/xil_testcache.o microblaze_0/lib/microblaze_selftest.o microblaze_0/lib/mi
TRACE::2021-04-28.17:52:25::SCWMssOS::croblaze_interrupts_g.o microblaze_0/lib/microblaze_enable_exceptions.o microblaze_0/lib/microblaze_enable_dcache.o microblaze_
TRACE::2021-04-28.17:52:25::SCWMssOS::0/lib/xbram.o microblaze_0/lib/microblaze_invalidate_icache_range.o microblaze_0/lib/microblaze_init_dcache_range.o microblaze_
TRACE::2021-04-28.17:52:25::SCWMssOS::0/lib/microblaze_invalidate_icache.o microblaze_0/lib/errno.o microblaze_0/lib/xintc_options.o microblaze_0/lib/microblaze_inva
TRACE::2021-04-28.17:52:25::SCWMssOS::lidate_cache_ext_range.o microblaze_0/lib/xil_exception.o microblaze_0/lib/pvr.o microblaze_0/lib/xil_testmem.o microblaze_0/li
TRACE::2021-04-28.17:52:25::SCWMssOS::b/microblaze_update_icache.o microblaze_0/lib/microblaze_flush_dcache.o microblaze_0/lib/xil_clocking.o microblaze_0/lib/xil_as
TRACE::2021-04-28.17:52:25::SCWMssOS::sert.o microblaze_0/lib/microblaze_enable_interrupts.o microblaze_0/lib/xio.o microblaze_0/lib/microblaze_enable_icache.o micro
TRACE::2021-04-28.17:52:25::SCWMssOS::blaze_0/lib/xintc.o microblaze_0/lib/fcntl.o microblaze_0/lib/microblaze_init_icache_range.o

TRACE::2021-04-28.17:52:25::SCWMssOS::'Finished building libraries'

TRACE::2021-04-28.17:52:25::SCWMssOS::Copying to export directory.
TRACE::2021-04-28.17:52:25::SCWMssOS:: Checking if to create the Supporting Applications
TRACE::2021-04-28.17:52:25::SCWMssOS:: No Linux domain exists, trying to generate FSBL 
LOG::2021-04-28.17:52:25::SCWSystem::Completed Processing the domain standalone_domain
LOG::2021-04-28.17:52:25::SCWSystem::Completed Processing the sysconfig bram_control
LOG::2021-04-28.17:52:25::SCWPlatform::Completed generating the artifacts for system configuration bram_control
TRACE::2021-04-28.17:52:25::SCWPlatform::Started preparing the platform 
TRACE::2021-04-28.17:52:25::SCWSystem::Writing the bif file for system config bram_control
TRACE::2021-04-28.17:52:25::SCWSystem::dir created 
TRACE::2021-04-28.17:52:25::SCWSystem::Writing the bif 
TRACE::2021-04-28.17:52:25::SCWPlatform::Started writing the spfm file 
TRACE::2021-04-28.17:52:25::SCWPlatform::Started writing the xpfm file 
TRACE::2021-04-28.17:52:25::SCWPlatform::Completed generating the platform
TRACE::2021-04-28.17:52:25::SCWMssOS::Saving the mss changes D:/0FPGA_SOFTWARE/BRAM/bram_control/microblaze_0/standalone_domain/bsp/system.mss
TRACE::2021-04-28.17:52:25::SCWMssOS::Found a swdesign opened with the mssfile.
TRACE::2021-04-28.17:52:25::SCWMssOS::Completed writemss as part of save.
TRACE::2021-04-28.17:52:25::SCWMssOS::Commit changes completed.
TRACE::2021-04-28.17:52:25::SCWPlatform::Trying to open the hw design at D:/0FPGA_SOFTWARE/BRAM/bram_control/hw/BRAM_XSA.xsa
TRACE::2021-04-28.17:52:25::SCWPlatform::DSA given D:/0FPGA_SOFTWARE/BRAM/bram_control/hw/BRAM_XSA.xsa
TRACE::2021-04-28.17:52:25::SCWPlatform::DSA absoulate path D:/0FPGA_SOFTWARE/BRAM/bram_control/hw/BRAM_XSA.xsa
TRACE::2021-04-28.17:52:25::SCWPlatform::DSA directory D:/0FPGA_SOFTWARE/BRAM/bram_control/hw
TRACE::2021-04-28.17:52:25::SCWPlatform:: Platform Path D:/0FPGA_SOFTWARE/BRAM/bram_control/hw/BRAM_XSA.xsa
TRACE::2021-04-28.17:52:25::SCWPlatform:: Unique name xilinx:vc707::0.0
TRACE::2021-04-28.17:52:25::SCWPlatform::Trying to set the existing hwdb with name design_1_wrapper_1
TRACE::2021-04-28.17:52:25::SCWPlatform::Opened existing hwdb design_1_wrapper_1
TRACE::2021-04-28.17:52:25::SCWPlatform::Found the Hw Db part of the input DSA
TRACE::2021-04-28.17:52:25::SCWMssOS::Checking the sw design at  D:/0FPGA_SOFTWARE/BRAM/bram_control/microblaze_0/standalone_domain/bsp/system.mss
TRACE::2021-04-28.17:52:25::SCWMssOS::DEBUG:  swdes dump  D:/0FPGA_SOFTWARE/BRAM/bram_control/microblaze_0/standalone_domain/bsp/system.mss|system||

TRACE::2021-04-28.17:52:25::SCWMssOS::Sw design exists and opened at  D:/0FPGA_SOFTWARE/BRAM/bram_control/microblaze_0/standalone_domain/bsp/system.mss
TRACE::2021-04-28.17:52:25::SCWWriter::formatted JSON is {
	"platformName":	"bram_control",
	"sprVersion":	"2.0",
	"mode":	"gui",
	"dsaType":	"Fixed",
	"platformDesc":	"bram_control",
	"platHandOff":	"C:/Users/user/Desktop/FPGA_UART/BRAM_XSA.xsa",
	"platIntHandOff":	"<platformDir>/hw/BRAM_XSA.xsa",
	"deviceType":	"FPGA",
	"platIsPrebuiltAutogen":	"false",
	"platIsNoBootBsp":	"false",
	"hasFsblMakeHasChanges":	"false",
	"hasPmufwMakeHasChanges":	"false",
	"platPreBuiltFlag":	false,
	"platformSamplesDir":	"",
	"platActiveSys":	"bram_control",
	"systems":	[{
			"systemName":	"bram_control",
			"systemDesc":	"bram_control",
			"sysIsBootAutoGen":	"true",
			"systemDispName":	"bram_control",
			"sysActiveDom":	"standalone_domain",
			"sysDefaultDom":	"standalone_domain",
			"domains":	[{
					"domainName":	"standalone_domain",
					"domainDispName":	"standalone on microblaze_0",
					"domainDesc":	"standalone_domain",
					"processors":	"microblaze_0",
					"os":	"standalone",
					"sdxOs":	"standalone",
					"debugEnable":	"False",
					"domRuntimes":	["cpp"],
					"swRepo":	"",
					"mssOsVer":	"7.3",
					"mssFile":	"",
					"md5Digest":	"e1f6f8b5387012b432c0bd3e334bdb6d",
					"compatibleApp":	"",
					"domType":	"mssDomain",
					"arch":	"32-bit",
					"appSettings":	{
						"appCompilerFlags":	"",
						"appLinkerFlags":	""
					},
					"addedLibs":	[],
					"libOptions":	{
						"libsContainingOptions":	[]
					},
					"prebuiltLibs":	{
						"prebuiltIncPath":	[],
						"prebuiltLibPath":	[]
					},
					"isolation":	{
					}
				}]
		}]
}
KEYINFO::2021-04-28.17:52:25::SCWPlatform::updated the xpfm file.
TRACE::2021-04-28.17:52:25::SCWPlatform::Trying to open the hw design at D:/0FPGA_SOFTWARE/BRAM/bram_control/hw/BRAM_XSA.xsa
TRACE::2021-04-28.17:52:25::SCWPlatform::DSA given D:/0FPGA_SOFTWARE/BRAM/bram_control/hw/BRAM_XSA.xsa
TRACE::2021-04-28.17:52:25::SCWPlatform::DSA absoulate path D:/0FPGA_SOFTWARE/BRAM/bram_control/hw/BRAM_XSA.xsa
TRACE::2021-04-28.17:52:25::SCWPlatform::DSA directory D:/0FPGA_SOFTWARE/BRAM/bram_control/hw
TRACE::2021-04-28.17:52:25::SCWPlatform:: Platform Path D:/0FPGA_SOFTWARE/BRAM/bram_control/hw/BRAM_XSA.xsa
TRACE::2021-04-28.17:52:25::SCWPlatform:: Unique name xilinx:vc707::0.0
TRACE::2021-04-28.17:52:25::SCWPlatform::Trying to set the existing hwdb with name design_1_wrapper_1
TRACE::2021-04-28.17:52:25::SCWPlatform::Opened existing hwdb design_1_wrapper_1
TRACE::2021-04-28.17:52:25::SCWPlatform::Found the Hw Db part of the input DSA
TRACE::2021-04-28.17:52:25::SCWMssOS::Checking the sw design at  D:/0FPGA_SOFTWARE/BRAM/bram_control/microblaze_0/standalone_domain/bsp/system.mss
TRACE::2021-04-28.17:52:25::SCWMssOS::DEBUG:  swdes dump  D:/0FPGA_SOFTWARE/BRAM/bram_control/microblaze_0/standalone_domain/bsp/system.mss|system||

TRACE::2021-04-28.17:52:25::SCWMssOS::Sw design exists and opened at  D:/0FPGA_SOFTWARE/BRAM/bram_control/microblaze_0/standalone_domain/bsp/system.mss
